Feb 20 02:27:23 ubuntu anacron[707]: Job `cron.daily' terminated
Feb 20 02:28:01 ubuntu CRON[2670]: (salsha) CMD (/bin/bash /home/salsha/sisop/nature/test1.sh)
Feb 20 02:29:01 ubuntu CRON[2675]: (salsha) CMD (/bin/bash /home/salsha/sisop/nature/test1.sh)
Feb 20 02:30:01 ubuntu CRON[2680]: (salsha) CMD (/bin/bash /home/salsha/sisop/nature/test1.sh)
Feb 20 02:31:01 ubuntu CRON[2685]: (salsha) CMD (/bin/bash /home/salsha/sisop/nature/test1.sh)
Feb 20 02:32:01 ubuntu CRON[2695]: (salsha) CMD (/bin/bash /home/salsha/sisop/nature/test1.sh)
Feb 20 02:32:19 ubuntu anacron[707]: Job `cron.weekly' started
Feb 20 02:32:20 ubuntu anacron[707]: Job `cron.weekly' terminated
Feb 20 02:33:01 ubuntu CRON[2722]: (salsha) CMD (/bin/bash /home/salsha/sisop/nature/test1.sh)
Feb 20 02:34:01 ubuntu CRON[2727]: (salsha) CMD (/bin/bash /home/salsha/sisop/nature/test1.sh)
Feb 20 02:35:01 ubuntu CRON[2749]: (salsha) CMD (/bin/bash /home/salsha/sisop/nature/test1.sh)
Feb 20 02:36:01 ubuntu CRON[2761]: (salsha) CMD (/bin/bash /home/salsha/sisop/nature/test1.sh)
Feb 20 02:37:01 ubuntu CRON[2862]: (salsha) CMD (/bin/bash /home/salsha/sisop/nature/test1.sh)
Feb 20 02:41:47 ubuntu CRON[3042]: (salsha) CMD (/bin/bash /home/salsha/sisop/nature/test1.sh)
Feb 20 02:41:47 ubuntu CRON[3047]: (salsha) CMD (/bin/bash /home/salsha/sisop/nature/test1.sh)
Feb 20 02:41:47 ubuntu CRON[3052]: (salsha) CMD (/bin/bash /home/salsha/sisop/nature/test1.sh)
Feb 20 02:41:47 ubuntu CRON[3057]: (salsha) CMD (/bin/bash /home/salsha/sisop/nature/test1.sh)
Feb 20 02:42:01 ubuntu CRON[3062]: (salsha) CMD (/bin/bash /home/salsha/sisop/nature/test1.sh)
Feb 20 02:47:11 ubuntu CRON[3070]: (salsha) CMD (/bin/bash /home/salsha/sisop/nature/test1.sh)
Feb 20 02:47:11 ubuntu CRON[3075]: (salsha) CMD (/bin/bash /home/salsha/sisop/nature/test1.sh)
Feb 20 02:47:11 ubuntu CRON[3080]: (salsha) CMD (/bin/bash /home/salsha/sisop/nature/test1.sh)
Feb 20 02:47:11 ubuntu CRON[3085]: (salsha) CMD (/bin/bash /home/salsha/sisop/nature/test1.sh)
Feb 20 02:47:11 ubuntu CRON[3090]: (salsha) CMD (/bin/bash /home/salsha/sisop/nature/test1.sh)
Feb 20 02:48:01 ubuntu CRON[3095]: (salsha) CMD (/bin/bash /home/salsha/sisop/nature/test1.sh)
Feb 20 02:49:01 ubuntu CRON[3100]: (salsha) CMD (/bin/bash /home/salsha/sisop/nature/test1.sh)
Feb 20 02:50:01 ubuntu CRON[3105]: (salsha) CMD (/bin/bash /home/salsha/sisop/nature/test1.sh)
Feb 20 02:51:04 ubuntu CRON[3114]: (salsha) CMD (/bin/bash /home/salsha/sisop/nature/test1.sh)
Feb 20 02:52:01 ubuntu CRON[3119]: (salsha) CMD (/bin/bash /home/salsha/sisop/nature/test1.sh)
Feb 20 02:53:01 ubuntu CRON[3126]: (salsha) CMD (/bin/bash /home/salsha/sisop/nature/test1.sh)
Feb 20 02:54:01 ubuntu CRON[3134]: (salsha) CMD (/bin/bash /home/salsha/sisop/nature/test1.sh)
Feb 20 02:55:02 ubuntu CRON[3142]: (salsha) CMD (/bin/bash /home/salsha/sisop/nature/test1.sh)
Feb 20 02:56:01 ubuntu CRON[3205]: (salsha) CMD (/bin/bash /home/salsha/sisop/nature/test1.sh)
Feb 20 02:57:01 ubuntu CRON[3212]: (salsha) CMD (/bin/bash /home/salsha/sisop/nature/test1.sh)
Feb 20 02:58:01 ubuntu CRON[3226]: (salsha) CMD (/bin/bash /home/salsha/sisop/nature/test1.sh)
Feb 20 02:59:01 ubuntu CRON[3234]: (salsha) CMD (/bin/bash /home/salsha/sisop/nature/test1.sh)
Feb 20 03:00:01 ubuntu CRON[3262]: (salsha) CMD (/bin/bash /home/salsha/sisop/nature/test1.sh)
Feb 20 03:01:01 ubuntu CRON[3270]: (salsha) CMD (/bin/bash /home/salsha/sisop/nature/test1.sh)
Feb 20 03:02:01 ubuntu CRON[3275]: (salsha) CMD (/bin/bash /home/salsha/sisop/nature/test1.sh)
Feb 20 03:03:01 ubuntu CRON[3278]: (salsha) CMD (/bin/bash /home/salsha/sisop/nature/test1.sh)
Feb 20 03:04:01 ubuntu CRON[3281]: (salsha) CMD (/bin/bash /home/salsha/sisop/nature/test1.sh)
Feb 20 03:05:01 ubuntu CRON[3285]: (salsha) CMD (/bin/bash /home/salsha/sisop/nature/test1.sh)
Feb 20 03:05:01 ubuntu systemd[1]: Started Run anacron jobs.
Feb 20 03:06:01 ubuntu CRON[3301]: (salsha) CMD (/bin/bash /home/salsha/sisop/nature/test1.sh)
Feb 20 03:07:01 ubuntu CRON[3326]: (salsha) CMD (/bin/bash /home/salsha/sisop/nature/test1.sh)
Feb 20 03:08:01 ubuntu CRON[3333]: (salsha) CMD (/bin/bash /home/salsha/sisop/nature/test1.sh)
Feb 20 03:09:01 ubuntu CRON[3336]: (salsha) CMD (/bin/bash /home/salsha/sisop/nature/test1.sh)
Feb 20 03:10:01 ubuntu CRON[3364]: (salsha) CMD (/bin/bash /home/salsha/sisop/nature/test1.sh)
Feb 20 03:11:01 ubuntu CRON[3382]: (salsha) CMD (/bin/bash /home/salsha/sisop/nature/test1.sh)
Feb 20 03:12:01 ubuntu CRON[3414]: (salsha) CMD (/bin/bash /home/salsha/sisop/nature/test1.sh)
Feb 20 03:13:01 ubuntu CRON[3417]: (salsha) CMD (/bin/bash /home/salsha/sisop/nature/test1.sh)
Feb 20 03:14:01 ubuntu CRON[3452]: (salsha) CMD (/bin/bash /home/salsha/sisop/nature/test1.sh)
Feb 20 03:15:01 ubuntu CRON[3470]: (salsha) CMD (/bin/bash /home/salsha/sisop/nature/test1.sh)
Feb 20 03:15:21 ubuntu crontab[3474]: (salsha) BEGIN EDIT (salsha)
Feb 20 03:15:37 ubuntu crontab[3474]: (salsha) END EDIT (salsha)
Feb 20 03:16:01 ubuntu CRON[3490]: (salsha) CMD (/bin/bash /home/salsha/sisop/nature/test1.sh)
Feb 20 03:16:07 ubuntu crontab[3494]: (salsha) BEGIN EDIT (salsha)
Feb 20 03:16:10 ubuntu crontab[3494]: (salsha) REPLACE (salsha)
Feb 20 03:16:10 ubuntu crontab[3494]: (salsha) END EDIT (salsha)
Feb 20 03:16:20 ubuntu crontab[3505]: (salsha) BEGIN EDIT (salsha)
Feb 20 03:16:26 ubuntu crontab[3505]: (salsha) END EDIT (salsha)
Feb 20 03:17:01 ubuntu cron[599]: (salsha) RELOAD (crontabs/salsha)
Feb 20 03:17:01 ubuntu CRON[3521]: (salsha) CMD (/bin/bash /home/salsha/sisop/nature/test1.sh)
Feb 20 03:18:01 ubuntu CRON[3528]: (salsha) CMD (/bin/bash /home/salsha/sisop/nature/test1.sh)
Feb 20 03:19:01 ubuntu CRON[3544]: (salsha) CMD (/bin/bash /home/salsha/sisop/nature/test1.sh)
Feb 20 03:20:01 ubuntu CRON[4010]: (salsha) CMD (/bin/bash /home/salsha/sisop/nature/test1.sh)
Feb 20 03:21:01 ubuntu CRON[4082]: (salsha) CMD (/bin/bash /home/salsha/sisop/nature/test1.sh)
Feb 20 03:21:32 ubuntu crontab[4085]: (salsha) BEGIN EDIT (salsha)
Feb 20 03:21:45 ubuntu crontab[4085]: (salsha) REPLACE (salsha)
Feb 20 03:21:45 ubuntu crontab[4085]: (salsha) END EDIT (salsha)
Feb 20 03:22:01 ubuntu cron[599]: (salsha) RELOAD (crontabs/salsha)
Feb 20 03:22:01 ubuntu CRON[4099]: (salsha) CMD (/bin/bash /home/salsha/Pictures/test1.sh)
Feb 20 03:23:01 ubuntu CRON[4106]: (salsha) CMD (/bin/bash /home/salsha/Pictures/test1.sh)
Feb 20 03:24:01 ubuntu CRON[4124]: (salsha) CMD (/bin/bash /home/salsha/Pictures/test1.sh)
Feb 20 03:25:01 ubuntu CRON[4141]: (salsha) CMD (/bin/bash /home/salsha/Pictures/test1.sh)
Feb 20 03:25:38 ubuntu crontab[4452]: (salsha) BEGIN EDIT (salsha)
Feb 20 03:25:42 ubuntu crontab[4452]: (salsha) REPLACE (salsha)
Feb 20 03:25:42 ubuntu crontab[4452]: (salsha) END EDIT (salsha)
Feb 20 03:26:01 ubuntu cron[599]: (salsha) RELOAD (crontabs/salsha)
Feb 20 03:26:01 ubuntu CRON[4464]: (salsha) CMD (/bin/bash /home/salsha/Pictures/test1.sh)
Feb 20 03:27:01 ubuntu CRON[4481]: (salsha) CMD (/bin/bash /home/salsha/Pictures/test1.sh)
Feb 20 03:28:01 ubuntu CRON[4489]: (salsha) CMD (/bin/bash /home/salsha/Pictures/test1.sh)
Feb 20 03:28:30 ubuntu crontab[4796]: (salsha) BEGIN EDIT (salsha)
Feb 20 03:28:33 ubuntu crontab[4796]: (salsha) REPLACE (salsha)
Feb 20 03:28:33 ubuntu crontab[4796]: (salsha) END EDIT (salsha)
Feb 20 03:28:40 ubuntu crontab[4807]: (salsha) BEGIN EDIT (salsha)
Feb 20 03:28:48 ubuntu crontab[4807]: (salsha) REPLACE (salsha)
Feb 20 03:28:48 ubuntu crontab[4807]: (salsha) END EDIT (salsha)
Feb 20 03:29:01 ubuntu cron[599]: (salsha) RELOAD (crontabs/salsha)
Feb 20 03:29:01 ubuntu CRON[4819]: (salsha) CMD (/bin/bash /home/salsha/test1.sh)
Feb 20 03:30:01 ubuntu CRON[5317]: (salsha) CMD (/bin/bash /home/salsha/test1.sh)
Feb 20 03:31:01 ubuntu CRON[6032]: (salsha) CMD (/bin/bash /home/salsha/test1.sh)
Feb 20 03:32:01 ubuntu CRON[6929]: (salsha) CMD (/bin/bash /home/salsha/test1.sh)
Feb 20 03:32:35 ubuntu crontab[8017]: (salsha) BEGIN EDIT (salsha)
Feb 20 03:32:42 ubuntu crontab[8017]: (salsha) REPLACE (salsha)
Feb 20 03:32:42 ubuntu crontab[8017]: (salsha) END EDIT (salsha)
Feb 20 03:33:01 ubuntu cron[599]: (salsha) RELOAD (crontabs/salsha)
Feb 20 04:19:37 ubuntu systemd[1]: Started Run anacron jobs.
Feb 20 05:03:11 ubuntu systemd[1]: Started Run anacron jobs.
Feb 20 19:50:41 ubuntu systemd[1]: Started Run anacron jobs.
Feb 20 20:02:32 ubuntu systemd[1]: Started Run anacron jobs.
Feb 20 20:03:57 ubuntu crontab[2124]: (salsha) BEGIN EDIT (salsha)
Feb 20 20:04:34 ubuntu crontab[2124]: (salsha) REPLACE (salsha)
Feb 20 20:04:34 ubuntu crontab[2124]: (salsha) END EDIT (salsha)
Feb 20 20:05:01 ubuntu cron[690]: (salsha) RELOAD (crontabs/salsha)
Feb 20 20:05:21 ubuntu crontab[2148]: (salsha) BEGIN EDIT (salsha)
Feb 20 20:05:31 ubuntu crontab[2148]: (salsha) END EDIT (salsha)
Feb 20 02:27:23 ubuntu anacron[707]: Job `cron.daily' terminated
Feb 20 02:28:01 ubuntu CRON[2670]: (salsha) CMD (/bin/bash /home/salsha/sisop/nature/test1.sh)
Feb 20 02:29:01 ubuntu CRON[2675]: (salsha) CMD (/bin/bash /home/salsha/sisop/nature/test1.sh)
Feb 20 02:30:01 ubuntu CRON[2680]: (salsha) CMD (/bin/bash /home/salsha/sisop/nature/test1.sh)
Feb 20 02:31:01 ubuntu CRON[2685]: (salsha) CMD (/bin/bash /home/salsha/sisop/nature/test1.sh)
Feb 20 02:32:01 ubuntu CRON[2695]: (salsha) CMD (/bin/bash /home/salsha/sisop/nature/test1.sh)
Feb 20 02:32:19 ubuntu anacron[707]: Job `cron.weekly' started
Feb 20 02:32:20 ubuntu anacron[707]: Job `cron.weekly' terminated
Feb 20 02:33:01 ubuntu CRON[2722]: (salsha) CMD (/bin/bash /home/salsha/sisop/nature/test1.sh)
Feb 20 02:34:01 ubuntu CRON[2727]: (salsha) CMD (/bin/bash /home/salsha/sisop/nature/test1.sh)
Feb 20 02:35:01 ubuntu CRON[2749]: (salsha) CMD (/bin/bash /home/salsha/sisop/nature/test1.sh)
Feb 20 02:36:01 ubuntu CRON[2761]: (salsha) CMD (/bin/bash /home/salsha/sisop/nature/test1.sh)
Feb 20 02:37:01 ubuntu CRON[2862]: (salsha) CMD (/bin/bash /home/salsha/sisop/nature/test1.sh)
Feb 20 02:41:47 ubuntu CRON[3042]: (salsha) CMD (/bin/bash /home/salsha/sisop/nature/test1.sh)
Feb 20 02:41:47 ubuntu CRON[3047]: (salsha) CMD (/bin/bash /home/salsha/sisop/nature/test1.sh)
Feb 20 02:41:47 ubuntu CRON[3052]: (salsha) CMD (/bin/bash /home/salsha/sisop/nature/test1.sh)
Feb 20 02:41:47 ubuntu CRON[3057]: (salsha) CMD (/bin/bash /home/salsha/sisop/nature/test1.sh)
Feb 20 02:42:01 ubuntu CRON[3062]: (salsha) CMD (/bin/bash /home/salsha/sisop/nature/test1.sh)
Feb 20 02:47:11 ubuntu CRON[3070]: (salsha) CMD (/bin/bash /home/salsha/sisop/nature/test1.sh)
Feb 20 02:47:11 ubuntu CRON[3075]: (salsha) CMD (/bin/bash /home/salsha/sisop/nature/test1.sh)
Feb 20 02:47:11 ubuntu CRON[3080]: (salsha) CMD (/bin/bash /home/salsha/sisop/nature/test1.sh)
Feb 20 02:47:11 ubuntu CRON[3085]: (salsha) CMD (/bin/bash /home/salsha/sisop/nature/test1.sh)
Feb 20 02:47:11 ubuntu CRON[3090]: (salsha) CMD (/bin/bash /home/salsha/sisop/nature/test1.sh)
Feb 20 02:48:01 ubuntu CRON[3095]: (salsha) CMD (/bin/bash /home/salsha/sisop/nature/test1.sh)
Feb 20 02:49:01 ubuntu CRON[3100]: (salsha) CMD (/bin/bash /home/salsha/sisop/nature/test1.sh)
Feb 20 02:50:01 ubuntu CRON[3105]: (salsha) CMD (/bin/bash /home/salsha/sisop/nature/test1.sh)
Feb 20 02:51:04 ubuntu CRON[3114]: (salsha) CMD (/bin/bash /home/salsha/sisop/nature/test1.sh)
Feb 20 02:52:01 ubuntu CRON[3119]: (salsha) CMD (/bin/bash /home/salsha/sisop/nature/test1.sh)
Feb 20 02:53:01 ubuntu CRON[3126]: (salsha) CMD (/bin/bash /home/salsha/sisop/nature/test1.sh)
Feb 20 02:54:01 ubuntu CRON[3134]: (salsha) CMD (/bin/bash /home/salsha/sisop/nature/test1.sh)
Feb 20 02:55:02 ubuntu CRON[3142]: (salsha) CMD (/bin/bash /home/salsha/sisop/nature/test1.sh)
Feb 20 02:56:01 ubuntu CRON[3205]: (salsha) CMD (/bin/bash /home/salsha/sisop/nature/test1.sh)
Feb 20 02:57:01 ubuntu CRON[3212]: (salsha) CMD (/bin/bash /home/salsha/sisop/nature/test1.sh)
Feb 20 02:58:01 ubuntu CRON[3226]: (salsha) CMD (/bin/bash /home/salsha/sisop/nature/test1.sh)
Feb 20 02:59:01 ubuntu CRON[3234]: (salsha) CMD (/bin/bash /home/salsha/sisop/nature/test1.sh)
Feb 20 03:00:01 ubuntu CRON[3262]: (salsha) CMD (/bin/bash /home/salsha/sisop/nature/test1.sh)
Feb 20 03:01:01 ubuntu CRON[3270]: (salsha) CMD (/bin/bash /home/salsha/sisop/nature/test1.sh)
Feb 20 03:02:01 ubuntu CRON[3275]: (salsha) CMD (/bin/bash /home/salsha/sisop/nature/test1.sh)
Feb 20 03:03:01 ubuntu CRON[3278]: (salsha) CMD (/bin/bash /home/salsha/sisop/nature/test1.sh)
Feb 20 03:04:01 ubuntu CRON[3281]: (salsha) CMD (/bin/bash /home/salsha/sisop/nature/test1.sh)
Feb 20 03:05:01 ubuntu CRON[3285]: (salsha) CMD (/bin/bash /home/salsha/sisop/nature/test1.sh)
Feb 20 03:05:01 ubuntu systemd[1]: Started Run anacron jobs.
Feb 20 03:06:01 ubuntu CRON[3301]: (salsha) CMD (/bin/bash /home/salsha/sisop/nature/test1.sh)
Feb 20 03:07:01 ubuntu CRON[3326]: (salsha) CMD (/bin/bash /home/salsha/sisop/nature/test1.sh)
Feb 20 03:08:01 ubuntu CRON[3333]: (salsha) CMD (/bin/bash /home/salsha/sisop/nature/test1.sh)
Feb 20 03:09:01 ubuntu CRON[3336]: (salsha) CMD (/bin/bash /home/salsha/sisop/nature/test1.sh)
Feb 20 03:10:01 ubuntu CRON[3364]: (salsha) CMD (/bin/bash /home/salsha/sisop/nature/test1.sh)
Feb 20 03:11:01 ubuntu CRON[3382]: (salsha) CMD (/bin/bash /home/salsha/sisop/nature/test1.sh)
Feb 20 03:12:01 ubuntu CRON[3414]: (salsha) CMD (/bin/bash /home/salsha/sisop/nature/test1.sh)
Feb 20 03:13:01 ubuntu CRON[3417]: (salsha) CMD (/bin/bash /home/salsha/sisop/nature/test1.sh)
Feb 20 03:14:01 ubuntu CRON[3452]: (salsha) CMD (/bin/bash /home/salsha/sisop/nature/test1.sh)
Feb 20 03:15:01 ubuntu CRON[3470]: (salsha) CMD (/bin/bash /home/salsha/sisop/nature/test1.sh)
Feb 20 03:15:21 ubuntu crontab[3474]: (salsha) BEGIN EDIT (salsha)
Feb 20 03:15:37 ubuntu crontab[3474]: (salsha) END EDIT (salsha)
Feb 20 03:16:01 ubuntu CRON[3490]: (salsha) CMD (/bin/bash /home/salsha/sisop/nature/test1.sh)
Feb 20 03:16:07 ubuntu crontab[3494]: (salsha) BEGIN EDIT (salsha)
Feb 20 03:16:10 ubuntu crontab[3494]: (salsha) REPLACE (salsha)
Feb 20 03:16:10 ubuntu crontab[3494]: (salsha) END EDIT (salsha)
Feb 20 03:16:20 ubuntu crontab[3505]: (salsha) BEGIN EDIT (salsha)
Feb 20 03:16:26 ubuntu crontab[3505]: (salsha) END EDIT (salsha)
Feb 20 03:17:01 ubuntu cron[599]: (salsha) RELOAD (crontabs/salsha)
Feb 20 03:17:01 ubuntu CRON[3521]: (salsha) CMD (/bin/bash /home/salsha/sisop/nature/test1.sh)
Feb 20 03:18:01 ubuntu CRON[3528]: (salsha) CMD (/bin/bash /home/salsha/sisop/nature/test1.sh)
Feb 20 03:19:01 ubuntu CRON[3544]: (salsha) CMD (/bin/bash /home/salsha/sisop/nature/test1.sh)
Feb 20 03:20:01 ubuntu CRON[4010]: (salsha) CMD (/bin/bash /home/salsha/sisop/nature/test1.sh)
Feb 20 03:21:01 ubuntu CRON[4082]: (salsha) CMD (/bin/bash /home/salsha/sisop/nature/test1.sh)
Feb 20 03:21:32 ubuntu crontab[4085]: (salsha) BEGIN EDIT (salsha)
Feb 20 03:21:45 ubuntu crontab[4085]: (salsha) REPLACE (salsha)
Feb 20 03:21:45 ubuntu crontab[4085]: (salsha) END EDIT (salsha)
Feb 20 03:22:01 ubuntu cron[599]: (salsha) RELOAD (crontabs/salsha)
Feb 20 03:22:01 ubuntu CRON[4099]: (salsha) CMD (/bin/bash /home/salsha/Pictures/test1.sh)
Feb 20 03:23:01 ubuntu CRON[4106]: (salsha) CMD (/bin/bash /home/salsha/Pictures/test1.sh)
Feb 20 03:24:01 ubuntu CRON[4124]: (salsha) CMD (/bin/bash /home/salsha/Pictures/test1.sh)
Feb 20 03:25:01 ubuntu CRON[4141]: (salsha) CMD (/bin/bash /home/salsha/Pictures/test1.sh)
Feb 20 03:25:38 ubuntu crontab[4452]: (salsha) BEGIN EDIT (salsha)
Feb 20 03:25:42 ubuntu crontab[4452]: (salsha) REPLACE (salsha)
Feb 20 03:25:42 ubuntu crontab[4452]: (salsha) END EDIT (salsha)
Feb 20 03:26:01 ubuntu cron[599]: (salsha) RELOAD (crontabs/salsha)
Feb 20 03:26:01 ubuntu CRON[4464]: (salsha) CMD (/bin/bash /home/salsha/Pictures/test1.sh)
Feb 20 03:27:01 ubuntu CRON[4481]: (salsha) CMD (/bin/bash /home/salsha/Pictures/test1.sh)
Feb 20 03:28:01 ubuntu CRON[4489]: (salsha) CMD (/bin/bash /home/salsha/Pictures/test1.sh)
Feb 20 03:28:30 ubuntu crontab[4796]: (salsha) BEGIN EDIT (salsha)
Feb 20 03:28:33 ubuntu crontab[4796]: (salsha) REPLACE (salsha)
Feb 20 03:28:33 ubuntu crontab[4796]: (salsha) END EDIT (salsha)
Feb 20 03:28:40 ubuntu crontab[4807]: (salsha) BEGIN EDIT (salsha)
Feb 20 03:28:48 ubuntu crontab[4807]: (salsha) REPLACE (salsha)
Feb 20 03:28:48 ubuntu crontab[4807]: (salsha) END EDIT (salsha)
Feb 20 03:29:01 ubuntu cron[599]: (salsha) RELOAD (crontabs/salsha)
Feb 20 03:29:01 ubuntu CRON[4819]: (salsha) CMD (/bin/bash /home/salsha/test1.sh)
Feb 20 03:30:01 ubuntu CRON[5317]: (salsha) CMD (/bin/bash /home/salsha/test1.sh)
Feb 20 03:31:01 ubuntu CRON[6032]: (salsha) CMD (/bin/bash /home/salsha/test1.sh)
Feb 20 03:32:01 ubuntu CRON[6929]: (salsha) CMD (/bin/bash /home/salsha/test1.sh)
Feb 20 03:32:35 ubuntu crontab[8017]: (salsha) BEGIN EDIT (salsha)
Feb 20 03:32:42 ubuntu crontab[8017]: (salsha) REPLACE (salsha)
Feb 20 03:32:42 ubuntu crontab[8017]: (salsha) END EDIT (salsha)
Feb 20 03:33:01 ubuntu cron[599]: (salsha) RELOAD (crontabs/salsha)
Feb 20 04:19:37 ubuntu systemd[1]: Started Run anacron jobs.
Feb 20 05:03:11 ubuntu systemd[1]: Started Run anacron jobs.
Feb 20 19:50:41 ubuntu systemd[1]: Started Run anacron jobs.
Feb 20 20:02:32 ubuntu systemd[1]: Started Run anacron jobs.
Feb 20 20:03:57 ubuntu crontab[2124]: (salsha) BEGIN EDIT (salsha)
Feb 20 20:04:34 ubuntu crontab[2124]: (salsha) REPLACE (salsha)
Feb 20 20:04:34 ubuntu crontab[2124]: (salsha) END EDIT (salsha)
Feb 20 20:05:01 ubuntu cron[690]: (salsha) RELOAD (crontabs/salsha)
Feb 20 20:05:21 ubuntu crontab[2148]: (salsha) BEGIN EDIT (salsha)
Feb 20 20:05:31 ubuntu crontab[2148]: (salsha) END EDIT (salsha)
Feb 20 20:08:01 ubuntu CRON[2171]: (salsha) CMD (/bin/bash /home/salsha/sisop/no5.sh)
Feb 20 20:14:01 ubuntu CRON[2185]: (salsha) CMD (/bin/bash /home/salsha/sisop/no5.sh)
Feb 20 02:27:23 ubuntu anacron[707]: Job `cron.daily' terminated
Feb 20 02:28:01 ubuntu CRON[2670]: (salsha) CMD (/bin/bash /home/salsha/sisop/nature/test1.sh)
Feb 20 02:29:01 ubuntu CRON[2675]: (salsha) CMD (/bin/bash /home/salsha/sisop/nature/test1.sh)
Feb 20 02:30:01 ubuntu CRON[2680]: (salsha) CMD (/bin/bash /home/salsha/sisop/nature/test1.sh)
Feb 20 02:31:01 ubuntu CRON[2685]: (salsha) CMD (/bin/bash /home/salsha/sisop/nature/test1.sh)
Feb 20 02:32:01 ubuntu CRON[2695]: (salsha) CMD (/bin/bash /home/salsha/sisop/nature/test1.sh)
Feb 20 02:32:19 ubuntu anacron[707]: Job `cron.weekly' started
Feb 20 02:32:20 ubuntu anacron[707]: Job `cron.weekly' terminated
Feb 20 02:33:01 ubuntu CRON[2722]: (salsha) CMD (/bin/bash /home/salsha/sisop/nature/test1.sh)
Feb 20 02:34:01 ubuntu CRON[2727]: (salsha) CMD (/bin/bash /home/salsha/sisop/nature/test1.sh)
Feb 20 02:35:01 ubuntu CRON[2749]: (salsha) CMD (/bin/bash /home/salsha/sisop/nature/test1.sh)
Feb 20 02:36:01 ubuntu CRON[2761]: (salsha) CMD (/bin/bash /home/salsha/sisop/nature/test1.sh)
Feb 20 02:37:01 ubuntu CRON[2862]: (salsha) CMD (/bin/bash /home/salsha/sisop/nature/test1.sh)
Feb 20 02:41:47 ubuntu CRON[3042]: (salsha) CMD (/bin/bash /home/salsha/sisop/nature/test1.sh)
Feb 20 02:41:47 ubuntu CRON[3047]: (salsha) CMD (/bin/bash /home/salsha/sisop/nature/test1.sh)
Feb 20 02:41:47 ubuntu CRON[3052]: (salsha) CMD (/bin/bash /home/salsha/sisop/nature/test1.sh)
Feb 20 02:41:47 ubuntu CRON[3057]: (salsha) CMD (/bin/bash /home/salsha/sisop/nature/test1.sh)
Feb 20 02:42:01 ubuntu CRON[3062]: (salsha) CMD (/bin/bash /home/salsha/sisop/nature/test1.sh)
Feb 20 02:47:11 ubuntu CRON[3070]: (salsha) CMD (/bin/bash /home/salsha/sisop/nature/test1.sh)
Feb 20 02:47:11 ubuntu CRON[3075]: (salsha) CMD (/bin/bash /home/salsha/sisop/nature/test1.sh)
Feb 20 02:47:11 ubuntu CRON[3080]: (salsha) CMD (/bin/bash /home/salsha/sisop/nature/test1.sh)
Feb 20 02:47:11 ubuntu CRON[3085]: (salsha) CMD (/bin/bash /home/salsha/sisop/nature/test1.sh)
Feb 20 02:47:11 ubuntu CRON[3090]: (salsha) CMD (/bin/bash /home/salsha/sisop/nature/test1.sh)
Feb 20 02:48:01 ubuntu CRON[3095]: (salsha) CMD (/bin/bash /home/salsha/sisop/nature/test1.sh)
Feb 20 02:49:01 ubuntu CRON[3100]: (salsha) CMD (/bin/bash /home/salsha/sisop/nature/test1.sh)
Feb 20 02:50:01 ubuntu CRON[3105]: (salsha) CMD (/bin/bash /home/salsha/sisop/nature/test1.sh)
Feb 20 02:51:04 ubuntu CRON[3114]: (salsha) CMD (/bin/bash /home/salsha/sisop/nature/test1.sh)
Feb 20 02:52:01 ubuntu CRON[3119]: (salsha) CMD (/bin/bash /home/salsha/sisop/nature/test1.sh)
Feb 20 02:53:01 ubuntu CRON[3126]: (salsha) CMD (/bin/bash /home/salsha/sisop/nature/test1.sh)
Feb 20 02:54:01 ubuntu CRON[3134]: (salsha) CMD (/bin/bash /home/salsha/sisop/nature/test1.sh)
Feb 20 02:55:02 ubuntu CRON[3142]: (salsha) CMD (/bin/bash /home/salsha/sisop/nature/test1.sh)
Feb 20 02:56:01 ubuntu CRON[3205]: (salsha) CMD (/bin/bash /home/salsha/sisop/nature/test1.sh)
Feb 20 02:57:01 ubuntu CRON[3212]: (salsha) CMD (/bin/bash /home/salsha/sisop/nature/test1.sh)
Feb 20 02:58:01 ubuntu CRON[3226]: (salsha) CMD (/bin/bash /home/salsha/sisop/nature/test1.sh)
Feb 20 02:59:01 ubuntu CRON[3234]: (salsha) CMD (/bin/bash /home/salsha/sisop/nature/test1.sh)
Feb 20 03:00:01 ubuntu CRON[3262]: (salsha) CMD (/bin/bash /home/salsha/sisop/nature/test1.sh)
Feb 20 03:01:01 ubuntu CRON[3270]: (salsha) CMD (/bin/bash /home/salsha/sisop/nature/test1.sh)
Feb 20 03:02:01 ubuntu CRON[3275]: (salsha) CMD (/bin/bash /home/salsha/sisop/nature/test1.sh)
Feb 20 03:03:01 ubuntu CRON[3278]: (salsha) CMD (/bin/bash /home/salsha/sisop/nature/test1.sh)
Feb 20 03:04:01 ubuntu CRON[3281]: (salsha) CMD (/bin/bash /home/salsha/sisop/nature/test1.sh)
Feb 20 03:05:01 ubuntu CRON[3285]: (salsha) CMD (/bin/bash /home/salsha/sisop/nature/test1.sh)
Feb 20 03:05:01 ubuntu systemd[1]: Started Run anacron jobs.
Feb 20 03:06:01 ubuntu CRON[3301]: (salsha) CMD (/bin/bash /home/salsha/sisop/nature/test1.sh)
Feb 20 03:07:01 ubuntu CRON[3326]: (salsha) CMD (/bin/bash /home/salsha/sisop/nature/test1.sh)
Feb 20 03:08:01 ubuntu CRON[3333]: (salsha) CMD (/bin/bash /home/salsha/sisop/nature/test1.sh)
Feb 20 03:09:01 ubuntu CRON[3336]: (salsha) CMD (/bin/bash /home/salsha/sisop/nature/test1.sh)
Feb 20 03:10:01 ubuntu CRON[3364]: (salsha) CMD (/bin/bash /home/salsha/sisop/nature/test1.sh)
Feb 20 03:11:01 ubuntu CRON[3382]: (salsha) CMD (/bin/bash /home/salsha/sisop/nature/test1.sh)
Feb 20 03:12:01 ubuntu CRON[3414]: (salsha) CMD (/bin/bash /home/salsha/sisop/nature/test1.sh)
Feb 20 03:13:01 ubuntu CRON[3417]: (salsha) CMD (/bin/bash /home/salsha/sisop/nature/test1.sh)
Feb 20 03:14:01 ubuntu CRON[3452]: (salsha) CMD (/bin/bash /home/salsha/sisop/nature/test1.sh)
Feb 20 03:15:01 ubuntu CRON[3470]: (salsha) CMD (/bin/bash /home/salsha/sisop/nature/test1.sh)
Feb 20 03:15:21 ubuntu crontab[3474]: (salsha) BEGIN EDIT (salsha)
Feb 20 03:15:37 ubuntu crontab[3474]: (salsha) END EDIT (salsha)
Feb 20 03:16:01 ubuntu CRON[3490]: (salsha) CMD (/bin/bash /home/salsha/sisop/nature/test1.sh)
Feb 20 03:16:07 ubuntu crontab[3494]: (salsha) BEGIN EDIT (salsha)
Feb 20 03:16:10 ubuntu crontab[3494]: (salsha) REPLACE (salsha)
Feb 20 03:16:10 ubuntu crontab[3494]: (salsha) END EDIT (salsha)
Feb 20 03:16:20 ubuntu crontab[3505]: (salsha) BEGIN EDIT (salsha)
Feb 20 03:16:26 ubuntu crontab[3505]: (salsha) END EDIT (salsha)
Feb 20 03:17:01 ubuntu cron[599]: (salsha) RELOAD (crontabs/salsha)
Feb 20 03:17:01 ubuntu CRON[3521]: (salsha) CMD (/bin/bash /home/salsha/sisop/nature/test1.sh)
Feb 20 03:18:01 ubuntu CRON[3528]: (salsha) CMD (/bin/bash /home/salsha/sisop/nature/test1.sh)
Feb 20 03:19:01 ubuntu CRON[3544]: (salsha) CMD (/bin/bash /home/salsha/sisop/nature/test1.sh)
Feb 20 03:20:01 ubuntu CRON[4010]: (salsha) CMD (/bin/bash /home/salsha/sisop/nature/test1.sh)
Feb 20 03:21:01 ubuntu CRON[4082]: (salsha) CMD (/bin/bash /home/salsha/sisop/nature/test1.sh)
Feb 20 03:21:32 ubuntu crontab[4085]: (salsha) BEGIN EDIT (salsha)
Feb 20 03:21:45 ubuntu crontab[4085]: (salsha) REPLACE (salsha)
Feb 20 03:21:45 ubuntu crontab[4085]: (salsha) END EDIT (salsha)
Feb 20 03:22:01 ubuntu cron[599]: (salsha) RELOAD (crontabs/salsha)
Feb 20 03:22:01 ubuntu CRON[4099]: (salsha) CMD (/bin/bash /home/salsha/Pictures/test1.sh)
Feb 20 03:23:01 ubuntu CRON[4106]: (salsha) CMD (/bin/bash /home/salsha/Pictures/test1.sh)
Feb 20 03:24:01 ubuntu CRON[4124]: (salsha) CMD (/bin/bash /home/salsha/Pictures/test1.sh)
Feb 20 03:25:01 ubuntu CRON[4141]: (salsha) CMD (/bin/bash /home/salsha/Pictures/test1.sh)
Feb 20 03:25:38 ubuntu crontab[4452]: (salsha) BEGIN EDIT (salsha)
Feb 20 03:25:42 ubuntu crontab[4452]: (salsha) REPLACE (salsha)
Feb 20 03:25:42 ubuntu crontab[4452]: (salsha) END EDIT (salsha)
Feb 20 03:26:01 ubuntu cron[599]: (salsha) RELOAD (crontabs/salsha)
Feb 20 03:26:01 ubuntu CRON[4464]: (salsha) CMD (/bin/bash /home/salsha/Pictures/test1.sh)
Feb 20 03:27:01 ubuntu CRON[4481]: (salsha) CMD (/bin/bash /home/salsha/Pictures/test1.sh)
Feb 20 03:28:01 ubuntu CRON[4489]: (salsha) CMD (/bin/bash /home/salsha/Pictures/test1.sh)
Feb 20 03:28:30 ubuntu crontab[4796]: (salsha) BEGIN EDIT (salsha)
Feb 20 03:28:33 ubuntu crontab[4796]: (salsha) REPLACE (salsha)
Feb 20 03:28:33 ubuntu crontab[4796]: (salsha) END EDIT (salsha)
Feb 20 03:28:40 ubuntu crontab[4807]: (salsha) BEGIN EDIT (salsha)
Feb 20 03:28:48 ubuntu crontab[4807]: (salsha) REPLACE (salsha)
Feb 20 03:28:48 ubuntu crontab[4807]: (salsha) END EDIT (salsha)
Feb 20 03:29:01 ubuntu cron[599]: (salsha) RELOAD (crontabs/salsha)
Feb 20 03:29:01 ubuntu CRON[4819]: (salsha) CMD (/bin/bash /home/salsha/test1.sh)
Feb 20 03:30:01 ubuntu CRON[5317]: (salsha) CMD (/bin/bash /home/salsha/test1.sh)
Feb 20 03:31:01 ubuntu CRON[6032]: (salsha) CMD (/bin/bash /home/salsha/test1.sh)
Feb 20 03:32:01 ubuntu CRON[6929]: (salsha) CMD (/bin/bash /home/salsha/test1.sh)
Feb 20 03:32:35 ubuntu crontab[8017]: (salsha) BEGIN EDIT (salsha)
Feb 20 03:32:42 ubuntu crontab[8017]: (salsha) REPLACE (salsha)
Feb 20 03:32:42 ubuntu crontab[8017]: (salsha) END EDIT (salsha)
Feb 20 03:33:01 ubuntu cron[599]: (salsha) RELOAD (crontabs/salsha)
Feb 20 04:19:37 ubuntu systemd[1]: Started Run anacron jobs.
Feb 20 05:03:11 ubuntu systemd[1]: Started Run anacron jobs.
Feb 20 19:50:41 ubuntu systemd[1]: Started Run anacron jobs.
Feb 20 20:02:32 ubuntu systemd[1]: Started Run anacron jobs.
Feb 20 20:03:57 ubuntu crontab[2124]: (salsha) BEGIN EDIT (salsha)
Feb 20 20:04:34 ubuntu crontab[2124]: (salsha) REPLACE (salsha)
Feb 20 20:04:34 ubuntu crontab[2124]: (salsha) END EDIT (salsha)
Feb 20 20:05:01 ubuntu cron[690]: (salsha) RELOAD (crontabs/salsha)
Feb 20 20:05:21 ubuntu crontab[2148]: (salsha) BEGIN EDIT (salsha)
Feb 20 20:05:31 ubuntu crontab[2148]: (salsha) END EDIT (salsha)
Feb 20 20:08:01 ubuntu CRON[2171]: (salsha) CMD (/bin/bash /home/salsha/sisop/no5.sh)
Feb 20 20:14:01 ubuntu CRON[2185]: (salsha) CMD (/bin/bash /home/salsha/sisop/no5.sh)
Feb 20 20:20:01 ubuntu CRON[2210]: (salsha) CMD (/bin/bash /home/salsha/sisop/no5.sh)
Feb 20 02:27:23 ubuntu anacron[707]: Job `cron.daily' terminated
Feb 20 02:28:01 ubuntu CRON[2670]: (salsha) CMD (/bin/bash /home/salsha/sisop/nature/test1.sh)
Feb 20 02:29:01 ubuntu CRON[2675]: (salsha) CMD (/bin/bash /home/salsha/sisop/nature/test1.sh)
Feb 20 02:30:01 ubuntu CRON[2680]: (salsha) CMD (/bin/bash /home/salsha/sisop/nature/test1.sh)
Feb 20 02:31:01 ubuntu CRON[2685]: (salsha) CMD (/bin/bash /home/salsha/sisop/nature/test1.sh)
Feb 20 02:32:01 ubuntu CRON[2695]: (salsha) CMD (/bin/bash /home/salsha/sisop/nature/test1.sh)
Feb 20 02:32:19 ubuntu anacron[707]: Job `cron.weekly' started
Feb 20 02:32:20 ubuntu anacron[707]: Job `cron.weekly' terminated
Feb 20 02:33:01 ubuntu CRON[2722]: (salsha) CMD (/bin/bash /home/salsha/sisop/nature/test1.sh)
Feb 20 02:34:01 ubuntu CRON[2727]: (salsha) CMD (/bin/bash /home/salsha/sisop/nature/test1.sh)
Feb 20 02:35:01 ubuntu CRON[2749]: (salsha) CMD (/bin/bash /home/salsha/sisop/nature/test1.sh)
Feb 20 02:36:01 ubuntu CRON[2761]: (salsha) CMD (/bin/bash /home/salsha/sisop/nature/test1.sh)
Feb 20 02:37:01 ubuntu CRON[2862]: (salsha) CMD (/bin/bash /home/salsha/sisop/nature/test1.sh)
Feb 20 02:41:47 ubuntu CRON[3042]: (salsha) CMD (/bin/bash /home/salsha/sisop/nature/test1.sh)
Feb 20 02:41:47 ubuntu CRON[3047]: (salsha) CMD (/bin/bash /home/salsha/sisop/nature/test1.sh)
Feb 20 02:41:47 ubuntu CRON[3052]: (salsha) CMD (/bin/bash /home/salsha/sisop/nature/test1.sh)
Feb 20 02:41:47 ubuntu CRON[3057]: (salsha) CMD (/bin/bash /home/salsha/sisop/nature/test1.sh)
Feb 20 02:42:01 ubuntu CRON[3062]: (salsha) CMD (/bin/bash /home/salsha/sisop/nature/test1.sh)
Feb 20 02:47:11 ubuntu CRON[3070]: (salsha) CMD (/bin/bash /home/salsha/sisop/nature/test1.sh)
Feb 20 02:47:11 ubuntu CRON[3075]: (salsha) CMD (/bin/bash /home/salsha/sisop/nature/test1.sh)
Feb 20 02:47:11 ubuntu CRON[3080]: (salsha) CMD (/bin/bash /home/salsha/sisop/nature/test1.sh)
Feb 20 02:47:11 ubuntu CRON[3085]: (salsha) CMD (/bin/bash /home/salsha/sisop/nature/test1.sh)
Feb 20 02:47:11 ubuntu CRON[3090]: (salsha) CMD (/bin/bash /home/salsha/sisop/nature/test1.sh)
Feb 20 02:48:01 ubuntu CRON[3095]: (salsha) CMD (/bin/bash /home/salsha/sisop/nature/test1.sh)
Feb 20 02:49:01 ubuntu CRON[3100]: (salsha) CMD (/bin/bash /home/salsha/sisop/nature/test1.sh)
Feb 20 02:50:01 ubuntu CRON[3105]: (salsha) CMD (/bin/bash /home/salsha/sisop/nature/test1.sh)
Feb 20 02:51:04 ubuntu CRON[3114]: (salsha) CMD (/bin/bash /home/salsha/sisop/nature/test1.sh)
Feb 20 02:52:01 ubuntu CRON[3119]: (salsha) CMD (/bin/bash /home/salsha/sisop/nature/test1.sh)
Feb 20 02:53:01 ubuntu CRON[3126]: (salsha) CMD (/bin/bash /home/salsha/sisop/nature/test1.sh)
Feb 20 02:54:01 ubuntu CRON[3134]: (salsha) CMD (/bin/bash /home/salsha/sisop/nature/test1.sh)
Feb 20 02:55:02 ubuntu CRON[3142]: (salsha) CMD (/bin/bash /home/salsha/sisop/nature/test1.sh)
Feb 20 02:56:01 ubuntu CRON[3205]: (salsha) CMD (/bin/bash /home/salsha/sisop/nature/test1.sh)
Feb 20 02:57:01 ubuntu CRON[3212]: (salsha) CMD (/bin/bash /home/salsha/sisop/nature/test1.sh)
Feb 20 02:58:01 ubuntu CRON[3226]: (salsha) CMD (/bin/bash /home/salsha/sisop/nature/test1.sh)
Feb 20 02:59:01 ubuntu CRON[3234]: (salsha) CMD (/bin/bash /home/salsha/sisop/nature/test1.sh)
Feb 20 03:00:01 ubuntu CRON[3262]: (salsha) CMD (/bin/bash /home/salsha/sisop/nature/test1.sh)
Feb 20 03:01:01 ubuntu CRON[3270]: (salsha) CMD (/bin/bash /home/salsha/sisop/nature/test1.sh)
Feb 20 03:02:01 ubuntu CRON[3275]: (salsha) CMD (/bin/bash /home/salsha/sisop/nature/test1.sh)
Feb 20 03:03:01 ubuntu CRON[3278]: (salsha) CMD (/bin/bash /home/salsha/sisop/nature/test1.sh)
Feb 20 03:04:01 ubuntu CRON[3281]: (salsha) CMD (/bin/bash /home/salsha/sisop/nature/test1.sh)
Feb 20 03:05:01 ubuntu CRON[3285]: (salsha) CMD (/bin/bash /home/salsha/sisop/nature/test1.sh)
Feb 20 03:05:01 ubuntu systemd[1]: Started Run anacron jobs.
Feb 20 03:06:01 ubuntu CRON[3301]: (salsha) CMD (/bin/bash /home/salsha/sisop/nature/test1.sh)
Feb 20 03:07:01 ubuntu CRON[3326]: (salsha) CMD (/bin/bash /home/salsha/sisop/nature/test1.sh)
Feb 20 03:08:01 ubuntu CRON[3333]: (salsha) CMD (/bin/bash /home/salsha/sisop/nature/test1.sh)
Feb 20 03:09:01 ubuntu CRON[3336]: (salsha) CMD (/bin/bash /home/salsha/sisop/nature/test1.sh)
Feb 20 03:10:01 ubuntu CRON[3364]: (salsha) CMD (/bin/bash /home/salsha/sisop/nature/test1.sh)
Feb 20 03:11:01 ubuntu CRON[3382]: (salsha) CMD (/bin/bash /home/salsha/sisop/nature/test1.sh)
Feb 20 03:12:01 ubuntu CRON[3414]: (salsha) CMD (/bin/bash /home/salsha/sisop/nature/test1.sh)
Feb 20 03:13:01 ubuntu CRON[3417]: (salsha) CMD (/bin/bash /home/salsha/sisop/nature/test1.sh)
Feb 20 03:14:01 ubuntu CRON[3452]: (salsha) CMD (/bin/bash /home/salsha/sisop/nature/test1.sh)
Feb 20 03:15:01 ubuntu CRON[3470]: (salsha) CMD (/bin/bash /home/salsha/sisop/nature/test1.sh)
Feb 20 03:15:21 ubuntu crontab[3474]: (salsha) BEGIN EDIT (salsha)
Feb 20 03:15:37 ubuntu crontab[3474]: (salsha) END EDIT (salsha)
Feb 20 03:16:01 ubuntu CRON[3490]: (salsha) CMD (/bin/bash /home/salsha/sisop/nature/test1.sh)
Feb 20 03:16:07 ubuntu crontab[3494]: (salsha) BEGIN EDIT (salsha)
Feb 20 03:16:10 ubuntu crontab[3494]: (salsha) REPLACE (salsha)
Feb 20 03:16:10 ubuntu crontab[3494]: (salsha) END EDIT (salsha)
Feb 20 03:16:20 ubuntu crontab[3505]: (salsha) BEGIN EDIT (salsha)
Feb 20 03:16:26 ubuntu crontab[3505]: (salsha) END EDIT (salsha)
Feb 20 03:17:01 ubuntu cron[599]: (salsha) RELOAD (crontabs/salsha)
Feb 20 03:17:01 ubuntu CRON[3521]: (salsha) CMD (/bin/bash /home/salsha/sisop/nature/test1.sh)
Feb 20 03:18:01 ubuntu CRON[3528]: (salsha) CMD (/bin/bash /home/salsha/sisop/nature/test1.sh)
Feb 20 03:19:01 ubuntu CRON[3544]: (salsha) CMD (/bin/bash /home/salsha/sisop/nature/test1.sh)
Feb 20 03:20:01 ubuntu CRON[4010]: (salsha) CMD (/bin/bash /home/salsha/sisop/nature/test1.sh)
Feb 20 03:21:01 ubuntu CRON[4082]: (salsha) CMD (/bin/bash /home/salsha/sisop/nature/test1.sh)
Feb 20 03:21:32 ubuntu crontab[4085]: (salsha) BEGIN EDIT (salsha)
Feb 20 03:21:45 ubuntu crontab[4085]: (salsha) REPLACE (salsha)
Feb 20 03:21:45 ubuntu crontab[4085]: (salsha) END EDIT (salsha)
Feb 20 03:22:01 ubuntu cron[599]: (salsha) RELOAD (crontabs/salsha)
Feb 20 03:22:01 ubuntu CRON[4099]: (salsha) CMD (/bin/bash /home/salsha/Pictures/test1.sh)
Feb 20 03:23:01 ubuntu CRON[4106]: (salsha) CMD (/bin/bash /home/salsha/Pictures/test1.sh)
Feb 20 03:24:01 ubuntu CRON[4124]: (salsha) CMD (/bin/bash /home/salsha/Pictures/test1.sh)
Feb 20 03:25:01 ubuntu CRON[4141]: (salsha) CMD (/bin/bash /home/salsha/Pictures/test1.sh)
Feb 20 03:25:38 ubuntu crontab[4452]: (salsha) BEGIN EDIT (salsha)
Feb 20 03:25:42 ubuntu crontab[4452]: (salsha) REPLACE (salsha)
Feb 20 03:25:42 ubuntu crontab[4452]: (salsha) END EDIT (salsha)
Feb 20 03:26:01 ubuntu cron[599]: (salsha) RELOAD (crontabs/salsha)
Feb 20 03:26:01 ubuntu CRON[4464]: (salsha) CMD (/bin/bash /home/salsha/Pictures/test1.sh)
Feb 20 03:27:01 ubuntu CRON[4481]: (salsha) CMD (/bin/bash /home/salsha/Pictures/test1.sh)
Feb 20 03:28:01 ubuntu CRON[4489]: (salsha) CMD (/bin/bash /home/salsha/Pictures/test1.sh)
Feb 20 03:28:30 ubuntu crontab[4796]: (salsha) BEGIN EDIT (salsha)
Feb 20 03:28:33 ubuntu crontab[4796]: (salsha) REPLACE (salsha)
Feb 20 03:28:33 ubuntu crontab[4796]: (salsha) END EDIT (salsha)
Feb 20 03:28:40 ubuntu crontab[4807]: (salsha) BEGIN EDIT (salsha)
Feb 20 03:28:48 ubuntu crontab[4807]: (salsha) REPLACE (salsha)
Feb 20 03:28:48 ubuntu crontab[4807]: (salsha) END EDIT (salsha)
Feb 20 03:29:01 ubuntu cron[599]: (salsha) RELOAD (crontabs/salsha)
Feb 20 03:29:01 ubuntu CRON[4819]: (salsha) CMD (/bin/bash /home/salsha/test1.sh)
Feb 20 03:30:01 ubuntu CRON[5317]: (salsha) CMD (/bin/bash /home/salsha/test1.sh)
Feb 20 03:31:01 ubuntu CRON[6032]: (salsha) CMD (/bin/bash /home/salsha/test1.sh)
Feb 20 03:32:01 ubuntu CRON[6929]: (salsha) CMD (/bin/bash /home/salsha/test1.sh)
Feb 20 03:32:35 ubuntu crontab[8017]: (salsha) BEGIN EDIT (salsha)
Feb 20 03:32:42 ubuntu crontab[8017]: (salsha) REPLACE (salsha)
Feb 20 03:32:42 ubuntu crontab[8017]: (salsha) END EDIT (salsha)
Feb 20 03:33:01 ubuntu cron[599]: (salsha) RELOAD (crontabs/salsha)
Feb 20 04:19:37 ubuntu systemd[1]: Started Run anacron jobs.
Feb 20 05:03:11 ubuntu systemd[1]: Started Run anacron jobs.
Feb 20 19:50:41 ubuntu systemd[1]: Started Run anacron jobs.
Feb 20 20:02:32 ubuntu systemd[1]: Started Run anacron jobs.
Feb 20 20:03:57 ubuntu crontab[2124]: (salsha) BEGIN EDIT (salsha)
Feb 20 20:04:34 ubuntu crontab[2124]: (salsha) REPLACE (salsha)
Feb 20 20:04:34 ubuntu crontab[2124]: (salsha) END EDIT (salsha)
Feb 20 20:05:01 ubuntu cron[690]: (salsha) RELOAD (crontabs/salsha)
Feb 20 20:05:21 ubuntu crontab[2148]: (salsha) BEGIN EDIT (salsha)
Feb 20 20:05:31 ubuntu crontab[2148]: (salsha) END EDIT (salsha)
Feb 20 20:08:01 ubuntu CRON[2171]: (salsha) CMD (/bin/bash /home/salsha/sisop/no5.sh)
Feb 20 20:14:01 ubuntu CRON[2185]: (salsha) CMD (/bin/bash /home/salsha/sisop/no5.sh)
Feb 20 20:20:01 ubuntu CRON[2210]: (salsha) CMD (/bin/bash /home/salsha/sisop/no5.sh)
Feb 20 20:26:01 ubuntu CRON[2219]: (salsha) CMD (/bin/bash /home/salsha/sisop/no5.sh)
Feb 20 02:27:23 ubuntu anacron[707]: Job `cron.daily' terminated
Feb 20 02:28:01 ubuntu CRON[2670]: (salsha) CMD (/bin/bash /home/salsha/sisop/nature/test1.sh)
Feb 20 02:29:01 ubuntu CRON[2675]: (salsha) CMD (/bin/bash /home/salsha/sisop/nature/test1.sh)
Feb 20 02:30:01 ubuntu CRON[2680]: (salsha) CMD (/bin/bash /home/salsha/sisop/nature/test1.sh)
Feb 20 02:31:01 ubuntu CRON[2685]: (salsha) CMD (/bin/bash /home/salsha/sisop/nature/test1.sh)
Feb 20 02:32:01 ubuntu CRON[2695]: (salsha) CMD (/bin/bash /home/salsha/sisop/nature/test1.sh)
Feb 20 02:32:19 ubuntu anacron[707]: Job `cron.weekly' started
Feb 20 02:32:20 ubuntu anacron[707]: Job `cron.weekly' terminated
Feb 20 02:33:01 ubuntu CRON[2722]: (salsha) CMD (/bin/bash /home/salsha/sisop/nature/test1.sh)
Feb 20 02:34:01 ubuntu CRON[2727]: (salsha) CMD (/bin/bash /home/salsha/sisop/nature/test1.sh)
Feb 20 02:35:01 ubuntu CRON[2749]: (salsha) CMD (/bin/bash /home/salsha/sisop/nature/test1.sh)
Feb 20 02:36:01 ubuntu CRON[2761]: (salsha) CMD (/bin/bash /home/salsha/sisop/nature/test1.sh)
Feb 20 02:37:01 ubuntu CRON[2862]: (salsha) CMD (/bin/bash /home/salsha/sisop/nature/test1.sh)
Feb 20 02:41:47 ubuntu CRON[3042]: (salsha) CMD (/bin/bash /home/salsha/sisop/nature/test1.sh)
Feb 20 02:41:47 ubuntu CRON[3047]: (salsha) CMD (/bin/bash /home/salsha/sisop/nature/test1.sh)
Feb 20 02:41:47 ubuntu CRON[3052]: (salsha) CMD (/bin/bash /home/salsha/sisop/nature/test1.sh)
Feb 20 02:41:47 ubuntu CRON[3057]: (salsha) CMD (/bin/bash /home/salsha/sisop/nature/test1.sh)
Feb 20 02:42:01 ubuntu CRON[3062]: (salsha) CMD (/bin/bash /home/salsha/sisop/nature/test1.sh)
Feb 20 02:47:11 ubuntu CRON[3070]: (salsha) CMD (/bin/bash /home/salsha/sisop/nature/test1.sh)
Feb 20 02:47:11 ubuntu CRON[3075]: (salsha) CMD (/bin/bash /home/salsha/sisop/nature/test1.sh)
Feb 20 02:47:11 ubuntu CRON[3080]: (salsha) CMD (/bin/bash /home/salsha/sisop/nature/test1.sh)
Feb 20 02:47:11 ubuntu CRON[3085]: (salsha) CMD (/bin/bash /home/salsha/sisop/nature/test1.sh)
Feb 20 02:47:11 ubuntu CRON[3090]: (salsha) CMD (/bin/bash /home/salsha/sisop/nature/test1.sh)
Feb 20 02:48:01 ubuntu CRON[3095]: (salsha) CMD (/bin/bash /home/salsha/sisop/nature/test1.sh)
Feb 20 02:49:01 ubuntu CRON[3100]: (salsha) CMD (/bin/bash /home/salsha/sisop/nature/test1.sh)
Feb 20 02:50:01 ubuntu CRON[3105]: (salsha) CMD (/bin/bash /home/salsha/sisop/nature/test1.sh)
Feb 20 02:51:04 ubuntu CRON[3114]: (salsha) CMD (/bin/bash /home/salsha/sisop/nature/test1.sh)
Feb 20 02:52:01 ubuntu CRON[3119]: (salsha) CMD (/bin/bash /home/salsha/sisop/nature/test1.sh)
Feb 20 02:53:01 ubuntu CRON[3126]: (salsha) CMD (/bin/bash /home/salsha/sisop/nature/test1.sh)
Feb 20 02:54:01 ubuntu CRON[3134]: (salsha) CMD (/bin/bash /home/salsha/sisop/nature/test1.sh)
Feb 20 02:55:02 ubuntu CRON[3142]: (salsha) CMD (/bin/bash /home/salsha/sisop/nature/test1.sh)
Feb 20 02:56:01 ubuntu CRON[3205]: (salsha) CMD (/bin/bash /home/salsha/sisop/nature/test1.sh)
Feb 20 02:57:01 ubuntu CRON[3212]: (salsha) CMD (/bin/bash /home/salsha/sisop/nature/test1.sh)
Feb 20 02:58:01 ubuntu CRON[3226]: (salsha) CMD (/bin/bash /home/salsha/sisop/nature/test1.sh)
Feb 20 02:59:01 ubuntu CRON[3234]: (salsha) CMD (/bin/bash /home/salsha/sisop/nature/test1.sh)
Feb 20 03:00:01 ubuntu CRON[3262]: (salsha) CMD (/bin/bash /home/salsha/sisop/nature/test1.sh)
Feb 20 03:01:01 ubuntu CRON[3270]: (salsha) CMD (/bin/bash /home/salsha/sisop/nature/test1.sh)
Feb 20 03:02:01 ubuntu CRON[3275]: (salsha) CMD (/bin/bash /home/salsha/sisop/nature/test1.sh)
Feb 20 03:03:01 ubuntu CRON[3278]: (salsha) CMD (/bin/bash /home/salsha/sisop/nature/test1.sh)
Feb 20 03:04:01 ubuntu CRON[3281]: (salsha) CMD (/bin/bash /home/salsha/sisop/nature/test1.sh)
Feb 20 03:05:01 ubuntu CRON[3285]: (salsha) CMD (/bin/bash /home/salsha/sisop/nature/test1.sh)
Feb 20 03:05:01 ubuntu systemd[1]: Started Run anacron jobs.
Feb 20 03:06:01 ubuntu CRON[3301]: (salsha) CMD (/bin/bash /home/salsha/sisop/nature/test1.sh)
Feb 20 03:07:01 ubuntu CRON[3326]: (salsha) CMD (/bin/bash /home/salsha/sisop/nature/test1.sh)
Feb 20 03:08:01 ubuntu CRON[3333]: (salsha) CMD (/bin/bash /home/salsha/sisop/nature/test1.sh)
Feb 20 03:09:01 ubuntu CRON[3336]: (salsha) CMD (/bin/bash /home/salsha/sisop/nature/test1.sh)
Feb 20 03:10:01 ubuntu CRON[3364]: (salsha) CMD (/bin/bash /home/salsha/sisop/nature/test1.sh)
Feb 20 03:11:01 ubuntu CRON[3382]: (salsha) CMD (/bin/bash /home/salsha/sisop/nature/test1.sh)
Feb 20 03:12:01 ubuntu CRON[3414]: (salsha) CMD (/bin/bash /home/salsha/sisop/nature/test1.sh)
Feb 20 03:13:01 ubuntu CRON[3417]: (salsha) CMD (/bin/bash /home/salsha/sisop/nature/test1.sh)
Feb 20 03:14:01 ubuntu CRON[3452]: (salsha) CMD (/bin/bash /home/salsha/sisop/nature/test1.sh)
Feb 20 03:15:01 ubuntu CRON[3470]: (salsha) CMD (/bin/bash /home/salsha/sisop/nature/test1.sh)
Feb 20 03:15:21 ubuntu crontab[3474]: (salsha) BEGIN EDIT (salsha)
Feb 20 03:15:37 ubuntu crontab[3474]: (salsha) END EDIT (salsha)
Feb 20 03:16:01 ubuntu CRON[3490]: (salsha) CMD (/bin/bash /home/salsha/sisop/nature/test1.sh)
Feb 20 03:16:07 ubuntu crontab[3494]: (salsha) BEGIN EDIT (salsha)
Feb 20 03:16:10 ubuntu crontab[3494]: (salsha) REPLACE (salsha)
Feb 20 03:16:10 ubuntu crontab[3494]: (salsha) END EDIT (salsha)
Feb 20 03:16:20 ubuntu crontab[3505]: (salsha) BEGIN EDIT (salsha)
Feb 20 03:16:26 ubuntu crontab[3505]: (salsha) END EDIT (salsha)
Feb 20 03:17:01 ubuntu cron[599]: (salsha) RELOAD (crontabs/salsha)
Feb 20 03:17:01 ubuntu CRON[3521]: (salsha) CMD (/bin/bash /home/salsha/sisop/nature/test1.sh)
Feb 20 03:18:01 ubuntu CRON[3528]: (salsha) CMD (/bin/bash /home/salsha/sisop/nature/test1.sh)
Feb 20 03:19:01 ubuntu CRON[3544]: (salsha) CMD (/bin/bash /home/salsha/sisop/nature/test1.sh)
Feb 20 03:20:01 ubuntu CRON[4010]: (salsha) CMD (/bin/bash /home/salsha/sisop/nature/test1.sh)
Feb 20 03:21:01 ubuntu CRON[4082]: (salsha) CMD (/bin/bash /home/salsha/sisop/nature/test1.sh)
Feb 20 03:21:32 ubuntu crontab[4085]: (salsha) BEGIN EDIT (salsha)
Feb 20 03:21:45 ubuntu crontab[4085]: (salsha) REPLACE (salsha)
Feb 20 03:21:45 ubuntu crontab[4085]: (salsha) END EDIT (salsha)
Feb 20 03:22:01 ubuntu cron[599]: (salsha) RELOAD (crontabs/salsha)
Feb 20 03:22:01 ubuntu CRON[4099]: (salsha) CMD (/bin/bash /home/salsha/Pictures/test1.sh)
Feb 20 03:23:01 ubuntu CRON[4106]: (salsha) CMD (/bin/bash /home/salsha/Pictures/test1.sh)
Feb 20 03:24:01 ubuntu CRON[4124]: (salsha) CMD (/bin/bash /home/salsha/Pictures/test1.sh)
Feb 20 03:25:01 ubuntu CRON[4141]: (salsha) CMD (/bin/bash /home/salsha/Pictures/test1.sh)
Feb 20 03:25:38 ubuntu crontab[4452]: (salsha) BEGIN EDIT (salsha)
Feb 20 03:25:42 ubuntu crontab[4452]: (salsha) REPLACE (salsha)
Feb 20 03:25:42 ubuntu crontab[4452]: (salsha) END EDIT (salsha)
Feb 20 03:26:01 ubuntu cron[599]: (salsha) RELOAD (crontabs/salsha)
Feb 20 03:26:01 ubuntu CRON[4464]: (salsha) CMD (/bin/bash /home/salsha/Pictures/test1.sh)
Feb 20 03:27:01 ubuntu CRON[4481]: (salsha) CMD (/bin/bash /home/salsha/Pictures/test1.sh)
Feb 20 03:28:01 ubuntu CRON[4489]: (salsha) CMD (/bin/bash /home/salsha/Pictures/test1.sh)
Feb 20 03:28:30 ubuntu crontab[4796]: (salsha) BEGIN EDIT (salsha)
Feb 20 03:28:33 ubuntu crontab[4796]: (salsha) REPLACE (salsha)
Feb 20 03:28:33 ubuntu crontab[4796]: (salsha) END EDIT (salsha)
Feb 20 03:28:40 ubuntu crontab[4807]: (salsha) BEGIN EDIT (salsha)
Feb 20 03:28:48 ubuntu crontab[4807]: (salsha) REPLACE (salsha)
Feb 20 03:28:48 ubuntu crontab[4807]: (salsha) END EDIT (salsha)
Feb 20 03:29:01 ubuntu cron[599]: (salsha) RELOAD (crontabs/salsha)
Feb 20 03:29:01 ubuntu CRON[4819]: (salsha) CMD (/bin/bash /home/salsha/test1.sh)
Feb 20 03:30:01 ubuntu CRON[5317]: (salsha) CMD (/bin/bash /home/salsha/test1.sh)
Feb 20 03:31:01 ubuntu CRON[6032]: (salsha) CMD (/bin/bash /home/salsha/test1.sh)
Feb 20 03:32:01 ubuntu CRON[6929]: (salsha) CMD (/bin/bash /home/salsha/test1.sh)
Feb 20 03:32:35 ubuntu crontab[8017]: (salsha) BEGIN EDIT (salsha)
Feb 20 03:32:42 ubuntu crontab[8017]: (salsha) REPLACE (salsha)
Feb 20 03:32:42 ubuntu crontab[8017]: (salsha) END EDIT (salsha)
Feb 20 03:33:01 ubuntu cron[599]: (salsha) RELOAD (crontabs/salsha)
Feb 20 04:19:37 ubuntu systemd[1]: Started Run anacron jobs.
Feb 20 05:03:11 ubuntu systemd[1]: Started Run anacron jobs.
Feb 20 19:50:41 ubuntu systemd[1]: Started Run anacron jobs.
Feb 20 20:02:32 ubuntu systemd[1]: Started Run anacron jobs.
Feb 20 20:03:57 ubuntu crontab[2124]: (salsha) BEGIN EDIT (salsha)
Feb 20 20:04:34 ubuntu crontab[2124]: (salsha) REPLACE (salsha)
Feb 20 20:04:34 ubuntu crontab[2124]: (salsha) END EDIT (salsha)
Feb 20 20:05:01 ubuntu cron[690]: (salsha) RELOAD (crontabs/salsha)
Feb 20 20:05:21 ubuntu crontab[2148]: (salsha) BEGIN EDIT (salsha)
Feb 20 20:05:31 ubuntu crontab[2148]: (salsha) END EDIT (salsha)
Feb 20 20:08:01 ubuntu CRON[2171]: (salsha) CMD (/bin/bash /home/salsha/sisop/no5.sh)
Feb 20 20:14:01 ubuntu CRON[2185]: (salsha) CMD (/bin/bash /home/salsha/sisop/no5.sh)
Feb 20 20:20:01 ubuntu CRON[2210]: (salsha) CMD (/bin/bash /home/salsha/sisop/no5.sh)
Feb 20 20:26:01 ubuntu CRON[2219]: (salsha) CMD (/bin/bash /home/salsha/sisop/no5.sh)
Feb 20 22:53:37 ubuntu systemd[1]: Started Run anacron jobs.
Feb 21 00:21:12 ubuntu systemd[1]: Started Run anacron jobs.
Feb 21 00:26:01 ubuntu CRON[2863]: (salsha) CMD (/bin/bash /home/salsha/sisop/no5.sh)
Feb 21 00:26:20 ubuntu anacron[2820]: Job `cron.daily' terminated
Feb 21 01:04:33 ubuntu systemd[1]: Started Run anacron jobs.
Feb 21 01:08:01 ubuntu CRON[3012]: (salsha) CMD (/bin/bash /home/salsha/sisop/no5.sh)
Feb 21 00:26:20 ubuntu anacron[2820]: Job `cron.daily' terminated
Feb 21 01:04:33 ubuntu systemd[1]: Started Run anacron jobs.
Feb 21 01:08:01 ubuntu CRON[3012]: (salsha) CMD (/bin/bash /home/salsha/sisop/no5.sh)
Feb 21 01:14:01 ubuntu CRON[3058]: (salsha) CMD (/bin/bash /home/salsha/sisop/no5.sh)
Feb 21 00:26:20 ubuntu anacron[2820]: Job `cron.daily' terminated
Feb 21 01:04:33 ubuntu systemd[1]: Started Run anacron jobs.
Feb 21 01:08:01 ubuntu CRON[3012]: (salsha) CMD (/bin/bash /home/salsha/sisop/no5.sh)
Feb 21 01:14:01 ubuntu CRON[3058]: (salsha) CMD (/bin/bash /home/salsha/sisop/no5.sh)
Feb 21 01:20:01 ubuntu CRON[3078]: (salsha) CMD (/bin/bash /home/salsha/sisop/no5.sh)
Feb 21 00:26:20 ubuntu anacron[2820]: Job `cron.daily' terminated
Feb 21 01:04:33 ubuntu systemd[1]: Started Run anacron jobs.
Feb 21 01:08:01 ubuntu CRON[3012]: (salsha) CMD (/bin/bash /home/salsha/sisop/no5.sh)
Feb 21 01:14:01 ubuntu CRON[3058]: (salsha) CMD (/bin/bash /home/salsha/sisop/no5.sh)
Feb 21 01:20:01 ubuntu CRON[3078]: (salsha) CMD (/bin/bash /home/salsha/sisop/no5.sh)
Feb 21 01:26:01 ubuntu CRON[3275]: (salsha) CMD (/bin/bash /home/salsha/sisop/no5.sh)
Feb 21 00:26:20 ubuntu anacron[2820]: Job `cron.daily' terminated
Feb 21 01:04:33 ubuntu systemd[1]: Started Run anacron jobs.
Feb 21 01:08:01 ubuntu CRON[3012]: (salsha) CMD (/bin/bash /home/salsha/sisop/no5.sh)
Feb 21 01:14:01 ubuntu CRON[3058]: (salsha) CMD (/bin/bash /home/salsha/sisop/no5.sh)
Feb 21 01:20:01 ubuntu CRON[3078]: (salsha) CMD (/bin/bash /home/salsha/sisop/no5.sh)
Feb 21 01:26:01 ubuntu CRON[3275]: (salsha) CMD (/bin/bash /home/salsha/sisop/no5.sh)
Feb 21 02:00:37 ubuntu systemd[1]: Started Run anacron jobs.
Feb 21 02:02:01 ubuntu CRON[3323]: (salsha) CMD (/bin/bash /home/salsha/sisop/no5.sh)
Feb 21 00:26:20 ubuntu anacron[2820]: Job `cron.daily' terminated
Feb 21 01:04:33 ubuntu systemd[1]: Started Run anacron jobs.
Feb 21 01:08:01 ubuntu CRON[3012]: (salsha) CMD (/bin/bash /home/salsha/sisop/no5.sh)
Feb 21 01:14:01 ubuntu CRON[3058]: (salsha) CMD (/bin/bash /home/salsha/sisop/no5.sh)
Feb 21 01:20:01 ubuntu CRON[3078]: (salsha) CMD (/bin/bash /home/salsha/sisop/no5.sh)
Feb 21 01:26:01 ubuntu CRON[3275]: (salsha) CMD (/bin/bash /home/salsha/sisop/no5.sh)
Feb 21 02:00:37 ubuntu systemd[1]: Started Run anacron jobs.
Feb 21 02:02:01 ubuntu CRON[3323]: (salsha) CMD (/bin/bash /home/salsha/sisop/no5.sh)
Feb 21 02:08:01 ubuntu CRON[3338]: (salsha) CMD (/bin/bash /home/salsha/sisop/no5.sh)
Feb 21 00:26:20 ubuntu anacron[2820]: Job `cron.daily' terminated
Feb 21 01:04:33 ubuntu systemd[1]: Started Run anacron jobs.
Feb 21 01:08:01 ubuntu CRON[3012]: (salsha) CMD (/bin/bash /home/salsha/sisop/no5.sh)
Feb 21 01:14:01 ubuntu CRON[3058]: (salsha) CMD (/bin/bash /home/salsha/sisop/no5.sh)
Feb 21 01:20:01 ubuntu CRON[3078]: (salsha) CMD (/bin/bash /home/salsha/sisop/no5.sh)
Feb 21 01:26:01 ubuntu CRON[3275]: (salsha) CMD (/bin/bash /home/salsha/sisop/no5.sh)
Feb 21 02:00:37 ubuntu systemd[1]: Started Run anacron jobs.
Feb 21 02:02:01 ubuntu CRON[3323]: (salsha) CMD (/bin/bash /home/salsha/sisop/no5.sh)
Feb 21 02:08:01 ubuntu CRON[3338]: (salsha) CMD (/bin/bash /home/salsha/sisop/no5.sh)
Feb 21 02:14:01 ubuntu CRON[3345]: (salsha) CMD (/bin/bash /home/salsha/sisop/no5.sh)
Feb 21 00:26:20 ubuntu anacron[2820]: Job `cron.daily' terminated
Feb 21 01:04:33 ubuntu systemd[1]: Started Run anacron jobs.
Feb 21 01:08:01 ubuntu CRON[3012]: (salsha) CMD (/bin/bash /home/salsha/sisop/no5.sh)
Feb 21 01:14:01 ubuntu CRON[3058]: (salsha) CMD (/bin/bash /home/salsha/sisop/no5.sh)
Feb 21 01:20:01 ubuntu CRON[3078]: (salsha) CMD (/bin/bash /home/salsha/sisop/no5.sh)
Feb 21 01:26:01 ubuntu CRON[3275]: (salsha) CMD (/bin/bash /home/salsha/sisop/no5.sh)
Feb 21 02:00:37 ubuntu systemd[1]: Started Run anacron jobs.
Feb 21 02:02:01 ubuntu CRON[3323]: (salsha) CMD (/bin/bash /home/salsha/sisop/no5.sh)
Feb 21 02:08:01 ubuntu CRON[3338]: (salsha) CMD (/bin/bash /home/salsha/sisop/no5.sh)
Feb 21 02:14:01 ubuntu CRON[3345]: (salsha) CMD (/bin/bash /home/salsha/sisop/no5.sh)
Feb 21 00:26:20 ubuntu anacron[2820]: Job `cron.daily' terminated
Feb 21 01:04:33 ubuntu systemd[1]: Started Run anacron jobs.
Feb 21 01:08:01 ubuntu CRON[3012]: (salsha) CMD (/bin/bash /home/salsha/sisop/no5.sh)
Feb 21 01:14:01 ubuntu CRON[3058]: (salsha) CMD (/bin/bash /home/salsha/sisop/no5.sh)
Feb 21 01:20:01 ubuntu CRON[3078]: (salsha) CMD (/bin/bash /home/salsha/sisop/no5.sh)
Feb 21 01:26:01 ubuntu CRON[3275]: (salsha) CMD (/bin/bash /home/salsha/sisop/no5.sh)
Feb 21 02:00:37 ubuntu systemd[1]: Started Run anacron jobs.
Feb 21 02:02:01 ubuntu CRON[3323]: (salsha) CMD (/bin/bash /home/salsha/sisop/no5.sh)
Feb 21 02:08:01 ubuntu CRON[3338]: (salsha) CMD (/bin/bash /home/salsha/sisop/no5.sh)
Feb 21 02:14:01 ubuntu CRON[3345]: (salsha) CMD (/bin/bash /home/salsha/sisop/no5.sh)
Feb 21 02:20:01 ubuntu CRON[3364]: (salsha) CMD (/bin/bash /home/salsha/sisop/no5.sh)
Feb 21 00:26:20 ubuntu anacron[2820]: Job `cron.daily' terminated
Feb 21 01:04:33 ubuntu systemd[1]: Started Run anacron jobs.
Feb 21 01:08:01 ubuntu CRON[3012]: (salsha) CMD (/bin/bash /home/salsha/sisop/no5.sh)
Feb 21 01:14:01 ubuntu CRON[3058]: (salsha) CMD (/bin/bash /home/salsha/sisop/no5.sh)
Feb 21 01:20:01 ubuntu CRON[3078]: (salsha) CMD (/bin/bash /home/salsha/sisop/no5.sh)
Feb 21 01:26:01 ubuntu CRON[3275]: (salsha) CMD (/bin/bash /home/salsha/sisop/no5.sh)
Feb 21 02:00:37 ubuntu systemd[1]: Started Run anacron jobs.
Feb 21 02:02:01 ubuntu CRON[3323]: (salsha) CMD (/bin/bash /home/salsha/sisop/no5.sh)
Feb 21 02:08:01 ubuntu CRON[3338]: (salsha) CMD (/bin/bash /home/salsha/sisop/no5.sh)
Feb 21 02:14:01 ubuntu CRON[3345]: (salsha) CMD (/bin/bash /home/salsha/sisop/no5.sh)
Feb 21 02:20:01 ubuntu CRON[3364]: (salsha) CMD (/bin/bash /home/salsha/sisop/no5.sh)
Feb 21 02:26:01 ubuntu CRON[3371]: (salsha) CMD (/bin/bash /home/salsha/sisop/no5.sh)
Feb 21 03:02:01 ubuntu CRON[3395]: (salsha) CMD (/bin/bash /home/salsha/sisop/no5.sh)
Feb 21 00:26:20 ubuntu anacron[2820]: Job `cron.daily' terminated
Feb 21 01:04:33 ubuntu systemd[1]: Started Run anacron jobs.
Feb 21 01:08:01 ubuntu CRON[3012]: (salsha) CMD (/bin/bash /home/salsha/sisop/no5.sh)
Feb 21 01:14:01 ubuntu CRON[3058]: (salsha) CMD (/bin/bash /home/salsha/sisop/no5.sh)
Feb 21 01:20:01 ubuntu CRON[3078]: (salsha) CMD (/bin/bash /home/salsha/sisop/no5.sh)
Feb 21 01:26:01 ubuntu CRON[3275]: (salsha) CMD (/bin/bash /home/salsha/sisop/no5.sh)
Feb 21 02:00:37 ubuntu systemd[1]: Started Run anacron jobs.
Feb 21 02:02:01 ubuntu CRON[3323]: (salsha) CMD (/bin/bash /home/salsha/sisop/no5.sh)
Feb 21 02:08:01 ubuntu CRON[3338]: (salsha) CMD (/bin/bash /home/salsha/sisop/no5.sh)
Feb 21 02:14:01 ubuntu CRON[3345]: (salsha) CMD (/bin/bash /home/salsha/sisop/no5.sh)
Feb 21 02:20:01 ubuntu CRON[3364]: (salsha) CMD (/bin/bash /home/salsha/sisop/no5.sh)
Feb 21 02:26:01 ubuntu CRON[3371]: (salsha) CMD (/bin/bash /home/salsha/sisop/no5.sh)
Feb 21 03:02:01 ubuntu CRON[3395]: (salsha) CMD (/bin/bash /home/salsha/sisop/no5.sh)
Feb 21 03:02:57 ubuntu systemd[1]: Started Run anacron jobs.
Feb 21 00:26:20 ubuntu anacron[2820]: Job `cron.daily' terminated
Feb 21 01:04:33 ubuntu systemd[1]: Started Run anacron jobs.
Feb 21 01:08:01 ubuntu CRON[3012]: (salsha) CMD (/bin/bash /home/salsha/sisop/no5.sh)
Feb 21 01:14:01 ubuntu CRON[3058]: (salsha) CMD (/bin/bash /home/salsha/sisop/no5.sh)
Feb 21 01:20:01 ubuntu CRON[3078]: (salsha) CMD (/bin/bash /home/salsha/sisop/no5.sh)
Feb 21 01:26:01 ubuntu CRON[3275]: (salsha) CMD (/bin/bash /home/salsha/sisop/no5.sh)
Feb 21 02:00:37 ubuntu systemd[1]: Started Run anacron jobs.
Feb 21 02:02:01 ubuntu CRON[3323]: (salsha) CMD (/bin/bash /home/salsha/sisop/no5.sh)
Feb 21 02:08:01 ubuntu CRON[3338]: (salsha) CMD (/bin/bash /home/salsha/sisop/no5.sh)
Feb 21 02:14:01 ubuntu CRON[3345]: (salsha) CMD (/bin/bash /home/salsha/sisop/no5.sh)
Feb 21 02:20:01 ubuntu CRON[3364]: (salsha) CMD (/bin/bash /home/salsha/sisop/no5.sh)
Feb 21 02:26:01 ubuntu CRON[3371]: (salsha) CMD (/bin/bash /home/salsha/sisop/no5.sh)
Feb 21 03:02:01 ubuntu CRON[3395]: (salsha) CMD (/bin/bash /home/salsha/sisop/no5.sh)
Feb 21 03:02:57 ubuntu systemd[1]: Started Run anacron jobs.
Feb 21 03:08:01 ubuntu CRON[3402]: (salsha) CMD (/bin/bash /home/salsha/sisop/no5.sh)
Feb 21 03:14:01 ubuntu CRON[3433]: (salsha) CMD (/bin/bash /home/salsha/sisop/no5.sh)
Feb 21 00:26:20 ubuntu anacron[2820]: Job `cron.daily' terminated
Feb 21 01:04:33 ubuntu systemd[1]: Started Run anacron jobs.
Feb 21 01:08:01 ubuntu CRON[3012]: (salsha) CMD (/bin/bash /home/salsha/sisop/no5.sh)
Feb 21 01:14:01 ubuntu CRON[3058]: (salsha) CMD (/bin/bash /home/salsha/sisop/no5.sh)
Feb 21 01:20:01 ubuntu CRON[3078]: (salsha) CMD (/bin/bash /home/salsha/sisop/no5.sh)
Feb 21 01:26:01 ubuntu CRON[3275]: (salsha) CMD (/bin/bash /home/salsha/sisop/no5.sh)
Feb 21 02:00:37 ubuntu systemd[1]: Started Run anacron jobs.
Feb 21 02:02:01 ubuntu CRON[3323]: (salsha) CMD (/bin/bash /home/salsha/sisop/no5.sh)
Feb 21 02:08:01 ubuntu CRON[3338]: (salsha) CMD (/bin/bash /home/salsha/sisop/no5.sh)
Feb 21 02:14:01 ubuntu CRON[3345]: (salsha) CMD (/bin/bash /home/salsha/sisop/no5.sh)
Feb 21 02:20:01 ubuntu CRON[3364]: (salsha) CMD (/bin/bash /home/salsha/sisop/no5.sh)
Feb 21 02:26:01 ubuntu CRON[3371]: (salsha) CMD (/bin/bash /home/salsha/sisop/no5.sh)
Feb 21 03:02:01 ubuntu CRON[3395]: (salsha) CMD (/bin/bash /home/salsha/sisop/no5.sh)
Feb 21 03:02:57 ubuntu systemd[1]: Started Run anacron jobs.
Feb 21 03:08:01 ubuntu CRON[3402]: (salsha) CMD (/bin/bash /home/salsha/sisop/no5.sh)
Feb 21 03:14:01 ubuntu CRON[3433]: (salsha) CMD (/bin/bash /home/salsha/sisop/no5.sh)
Feb 21 03:20:01 ubuntu CRON[3446]: (salsha) CMD (/bin/bash /home/salsha/sisop/no5.sh)
Feb 21 00:26:20 ubuntu anacron[2820]: Job `cron.daily' terminated
Feb 21 01:04:33 ubuntu systemd[1]: Started Run anacron jobs.
Feb 21 01:08:01 ubuntu CRON[3012]: (salsha) CMD (/bin/bash /home/salsha/sisop/no5.sh)
Feb 21 01:14:01 ubuntu CRON[3058]: (salsha) CMD (/bin/bash /home/salsha/sisop/no5.sh)
Feb 21 01:20:01 ubuntu CRON[3078]: (salsha) CMD (/bin/bash /home/salsha/sisop/no5.sh)
Feb 21 01:26:01 ubuntu CRON[3275]: (salsha) CMD (/bin/bash /home/salsha/sisop/no5.sh)
Feb 21 02:00:37 ubuntu systemd[1]: Started Run anacron jobs.
Feb 21 02:02:01 ubuntu CRON[3323]: (salsha) CMD (/bin/bash /home/salsha/sisop/no5.sh)
Feb 21 02:08:01 ubuntu CRON[3338]: (salsha) CMD (/bin/bash /home/salsha/sisop/no5.sh)
Feb 21 02:14:01 ubuntu CRON[3345]: (salsha) CMD (/bin/bash /home/salsha/sisop/no5.sh)
Feb 21 02:20:01 ubuntu CRON[3364]: (salsha) CMD (/bin/bash /home/salsha/sisop/no5.sh)
Feb 21 02:26:01 ubuntu CRON[3371]: (salsha) CMD (/bin/bash /home/salsha/sisop/no5.sh)
Feb 21 03:02:01 ubuntu CRON[3395]: (salsha) CMD (/bin/bash /home/salsha/sisop/no5.sh)
Feb 21 03:02:57 ubuntu systemd[1]: Started Run anacron jobs.
Feb 21 03:08:01 ubuntu CRON[3402]: (salsha) CMD (/bin/bash /home/salsha/sisop/no5.sh)
Feb 21 03:14:01 ubuntu CRON[3433]: (salsha) CMD (/bin/bash /home/salsha/sisop/no5.sh)
Feb 21 03:20:01 ubuntu CRON[3446]: (salsha) CMD (/bin/bash /home/salsha/sisop/no5.sh)
Feb 21 06:33:58 ubuntu systemd[1]: Started Run anacron jobs.
Feb 21 09:38:15 ubuntu systemd[1]: Started Run anacron jobs.
Feb 21 10:00:00 ubuntu systemd[1]: Started Run anacron jobs.
Feb 21 10:02:01 ubuntu CRON[2054]: (salsha) CMD (/bin/bash /home/salsha/sisop/no5.sh)
Feb 21 00:26:20 ubuntu anacron[2820]: Job `cron.daily' terminated
Feb 21 01:04:33 ubuntu systemd[1]: Started Run anacron jobs.
Feb 21 01:08:01 ubuntu CRON[3012]: (salsha) CMD (/bin/bash /home/salsha/sisop/no5.sh)
Feb 21 01:14:01 ubuntu CRON[3058]: (salsha) CMD (/bin/bash /home/salsha/sisop/no5.sh)
Feb 21 01:20:01 ubuntu CRON[3078]: (salsha) CMD (/bin/bash /home/salsha/sisop/no5.sh)
Feb 21 01:26:01 ubuntu CRON[3275]: (salsha) CMD (/bin/bash /home/salsha/sisop/no5.sh)
Feb 21 02:00:37 ubuntu systemd[1]: Started Run anacron jobs.
Feb 21 02:02:01 ubuntu CRON[3323]: (salsha) CMD (/bin/bash /home/salsha/sisop/no5.sh)
Feb 21 02:08:01 ubuntu CRON[3338]: (salsha) CMD (/bin/bash /home/salsha/sisop/no5.sh)
Feb 21 02:14:01 ubuntu CRON[3345]: (salsha) CMD (/bin/bash /home/salsha/sisop/no5.sh)
Feb 21 02:20:01 ubuntu CRON[3364]: (salsha) CMD (/bin/bash /home/salsha/sisop/no5.sh)
Feb 21 02:26:01 ubuntu CRON[3371]: (salsha) CMD (/bin/bash /home/salsha/sisop/no5.sh)
Feb 21 03:02:01 ubuntu CRON[3395]: (salsha) CMD (/bin/bash /home/salsha/sisop/no5.sh)
Feb 21 03:02:57 ubuntu systemd[1]: Started Run anacron jobs.
Feb 21 03:08:01 ubuntu CRON[3402]: (salsha) CMD (/bin/bash /home/salsha/sisop/no5.sh)
Feb 21 03:14:01 ubuntu CRON[3433]: (salsha) CMD (/bin/bash /home/salsha/sisop/no5.sh)
Feb 21 03:20:01 ubuntu CRON[3446]: (salsha) CMD (/bin/bash /home/salsha/sisop/no5.sh)
Feb 21 06:33:58 ubuntu systemd[1]: Started Run anacron jobs.
Feb 21 09:38:15 ubuntu systemd[1]: Started Run anacron jobs.
Feb 21 10:00:00 ubuntu systemd[1]: Started Run anacron jobs.
Feb 21 10:02:01 ubuntu CRON[2054]: (salsha) CMD (/bin/bash /home/salsha/sisop/no5.sh)
Feb 21 10:04:54 ubuntu systemd[1]: Started Run anacron jobs.
Feb 21 10:08:01 ubuntu CRON[2364]: (salsha) CMD (/bin/bash /home/salsha/sisop/no5.sh)
Feb 21 00:26:20 ubuntu anacron[2820]: Job `cron.daily' terminated
Feb 21 01:04:33 ubuntu systemd[1]: Started Run anacron jobs.
Feb 21 01:08:01 ubuntu CRON[3012]: (salsha) CMD (/bin/bash /home/salsha/sisop/no5.sh)
Feb 21 01:14:01 ubuntu CRON[3058]: (salsha) CMD (/bin/bash /home/salsha/sisop/no5.sh)
Feb 21 01:20:01 ubuntu CRON[3078]: (salsha) CMD (/bin/bash /home/salsha/sisop/no5.sh)
Feb 21 01:26:01 ubuntu CRON[3275]: (salsha) CMD (/bin/bash /home/salsha/sisop/no5.sh)
Feb 21 02:00:37 ubuntu systemd[1]: Started Run anacron jobs.
Feb 21 02:02:01 ubuntu CRON[3323]: (salsha) CMD (/bin/bash /home/salsha/sisop/no5.sh)
Feb 21 02:08:01 ubuntu CRON[3338]: (salsha) CMD (/bin/bash /home/salsha/sisop/no5.sh)
Feb 21 02:14:01 ubuntu CRON[3345]: (salsha) CMD (/bin/bash /home/salsha/sisop/no5.sh)
Feb 21 02:20:01 ubuntu CRON[3364]: (salsha) CMD (/bin/bash /home/salsha/sisop/no5.sh)
Feb 21 02:26:01 ubuntu CRON[3371]: (salsha) CMD (/bin/bash /home/salsha/sisop/no5.sh)
Feb 21 03:02:01 ubuntu CRON[3395]: (salsha) CMD (/bin/bash /home/salsha/sisop/no5.sh)
Feb 21 03:02:57 ubuntu systemd[1]: Started Run anacron jobs.
Feb 21 03:08:01 ubuntu CRON[3402]: (salsha) CMD (/bin/bash /home/salsha/sisop/no5.sh)
Feb 21 03:14:01 ubuntu CRON[3433]: (salsha) CMD (/bin/bash /home/salsha/sisop/no5.sh)
Feb 21 03:20:01 ubuntu CRON[3446]: (salsha) CMD (/bin/bash /home/salsha/sisop/no5.sh)
Feb 21 06:33:58 ubuntu systemd[1]: Started Run anacron jobs.
Feb 21 09:38:15 ubuntu systemd[1]: Started Run anacron jobs.
Feb 21 10:00:00 ubuntu systemd[1]: Started Run anacron jobs.
Feb 21 10:02:01 ubuntu CRON[2054]: (salsha) CMD (/bin/bash /home/salsha/sisop/no5.sh)
Feb 21 10:04:54 ubuntu systemd[1]: Started Run anacron jobs.
Feb 21 10:08:01 ubuntu CRON[2364]: (salsha) CMD (/bin/bash /home/salsha/sisop/no5.sh)
Feb 21 10:14:01 ubuntu CRON[2468]: (salsha) CMD (/bin/bash /home/salsha/sisop/no5.sh)
Feb 21 00:26:20 ubuntu anacron[2820]: Job `cron.daily' terminated
Feb 21 01:04:33 ubuntu systemd[1]: Started Run anacron jobs.
Feb 21 01:08:01 ubuntu CRON[3012]: (salsha) CMD (/bin/bash /home/salsha/sisop/no5.sh)
Feb 21 01:14:01 ubuntu CRON[3058]: (salsha) CMD (/bin/bash /home/salsha/sisop/no5.sh)
Feb 21 01:20:01 ubuntu CRON[3078]: (salsha) CMD (/bin/bash /home/salsha/sisop/no5.sh)
Feb 21 01:26:01 ubuntu CRON[3275]: (salsha) CMD (/bin/bash /home/salsha/sisop/no5.sh)
Feb 21 02:00:37 ubuntu systemd[1]: Started Run anacron jobs.
Feb 21 02:02:01 ubuntu CRON[3323]: (salsha) CMD (/bin/bash /home/salsha/sisop/no5.sh)
Feb 21 02:08:01 ubuntu CRON[3338]: (salsha) CMD (/bin/bash /home/salsha/sisop/no5.sh)
Feb 21 02:14:01 ubuntu CRON[3345]: (salsha) CMD (/bin/bash /home/salsha/sisop/no5.sh)
Feb 21 02:20:01 ubuntu CRON[3364]: (salsha) CMD (/bin/bash /home/salsha/sisop/no5.sh)
Feb 21 02:26:01 ubuntu CRON[3371]: (salsha) CMD (/bin/bash /home/salsha/sisop/no5.sh)
Feb 21 03:02:01 ubuntu CRON[3395]: (salsha) CMD (/bin/bash /home/salsha/sisop/no5.sh)
Feb 21 03:02:57 ubuntu systemd[1]: Started Run anacron jobs.
Feb 21 03:08:01 ubuntu CRON[3402]: (salsha) CMD (/bin/bash /home/salsha/sisop/no5.sh)
Feb 21 03:14:01 ubuntu CRON[3433]: (salsha) CMD (/bin/bash /home/salsha/sisop/no5.sh)
Feb 21 03:20:01 ubuntu CRON[3446]: (salsha) CMD (/bin/bash /home/salsha/sisop/no5.sh)
Feb 21 06:33:58 ubuntu systemd[1]: Started Run anacron jobs.
Feb 21 09:38:15 ubuntu systemd[1]: Started Run anacron jobs.
Feb 21 10:00:00 ubuntu systemd[1]: Started Run anacron jobs.
Feb 21 10:02:01 ubuntu CRON[2054]: (salsha) CMD (/bin/bash /home/salsha/sisop/no5.sh)
Feb 21 10:04:54 ubuntu systemd[1]: Started Run anacron jobs.
Feb 21 10:08:01 ubuntu CRON[2364]: (salsha) CMD (/bin/bash /home/salsha/sisop/no5.sh)
Feb 21 10:14:01 ubuntu CRON[2468]: (salsha) CMD (/bin/bash /home/salsha/sisop/no5.sh)
Feb 21 10:20:01 ubuntu CRON[2696]: (salsha) CMD (/bin/bash /home/salsha/sisop/no5.sh)
Feb 21 00:26:20 ubuntu anacron[2820]: Job `cron.daily' terminated
Feb 21 01:04:33 ubuntu systemd[1]: Started Run anacron jobs.
Feb 21 01:08:01 ubuntu CRON[3012]: (salsha) CMD (/bin/bash /home/salsha/sisop/no5.sh)
Feb 21 01:14:01 ubuntu CRON[3058]: (salsha) CMD (/bin/bash /home/salsha/sisop/no5.sh)
Feb 21 01:20:01 ubuntu CRON[3078]: (salsha) CMD (/bin/bash /home/salsha/sisop/no5.sh)
Feb 21 01:26:01 ubuntu CRON[3275]: (salsha) CMD (/bin/bash /home/salsha/sisop/no5.sh)
Feb 21 02:00:37 ubuntu systemd[1]: Started Run anacron jobs.
Feb 21 02:02:01 ubuntu CRON[3323]: (salsha) CMD (/bin/bash /home/salsha/sisop/no5.sh)
Feb 21 02:08:01 ubuntu CRON[3338]: (salsha) CMD (/bin/bash /home/salsha/sisop/no5.sh)
Feb 21 02:14:01 ubuntu CRON[3345]: (salsha) CMD (/bin/bash /home/salsha/sisop/no5.sh)
Feb 21 02:20:01 ubuntu CRON[3364]: (salsha) CMD (/bin/bash /home/salsha/sisop/no5.sh)
Feb 21 02:26:01 ubuntu CRON[3371]: (salsha) CMD (/bin/bash /home/salsha/sisop/no5.sh)
Feb 21 03:02:01 ubuntu CRON[3395]: (salsha) CMD (/bin/bash /home/salsha/sisop/no5.sh)
Feb 21 03:02:57 ubuntu systemd[1]: Started Run anacron jobs.
Feb 21 03:08:01 ubuntu CRON[3402]: (salsha) CMD (/bin/bash /home/salsha/sisop/no5.sh)
Feb 21 03:14:01 ubuntu CRON[3433]: (salsha) CMD (/bin/bash /home/salsha/sisop/no5.sh)
Feb 21 03:20:01 ubuntu CRON[3446]: (salsha) CMD (/bin/bash /home/salsha/sisop/no5.sh)
Feb 21 06:33:58 ubuntu systemd[1]: Started Run anacron jobs.
Feb 21 09:38:15 ubuntu systemd[1]: Started Run anacron jobs.
Feb 21 10:00:00 ubuntu systemd[1]: Started Run anacron jobs.
Feb 21 10:02:01 ubuntu CRON[2054]: (salsha) CMD (/bin/bash /home/salsha/sisop/no5.sh)
Feb 21 10:04:54 ubuntu systemd[1]: Started Run anacron jobs.
Feb 21 10:08:01 ubuntu CRON[2364]: (salsha) CMD (/bin/bash /home/salsha/sisop/no5.sh)
Feb 21 10:14:01 ubuntu CRON[2468]: (salsha) CMD (/bin/bash /home/salsha/sisop/no5.sh)
Feb 21 10:20:01 ubuntu CRON[2696]: (salsha) CMD (/bin/bash /home/salsha/sisop/no5.sh)
Feb 21 10:26:01 ubuntu CRON[2757]: (salsha) CMD (/bin/bash /home/salsha/sisop/no5.sh)
Feb 21 00:26:20 ubuntu anacron[2820]: Job `cron.daily' terminated
Feb 21 01:04:33 ubuntu systemd[1]: Started Run anacron jobs.
Feb 21 01:08:01 ubuntu CRON[3012]: (salsha) CMD (/bin/bash /home/salsha/sisop/no5.sh)
Feb 21 01:14:01 ubuntu CRON[3058]: (salsha) CMD (/bin/bash /home/salsha/sisop/no5.sh)
Feb 21 01:20:01 ubuntu CRON[3078]: (salsha) CMD (/bin/bash /home/salsha/sisop/no5.sh)
Feb 21 01:26:01 ubuntu CRON[3275]: (salsha) CMD (/bin/bash /home/salsha/sisop/no5.sh)
Feb 21 02:00:37 ubuntu systemd[1]: Started Run anacron jobs.
Feb 21 02:02:01 ubuntu CRON[3323]: (salsha) CMD (/bin/bash /home/salsha/sisop/no5.sh)
Feb 21 02:08:01 ubuntu CRON[3338]: (salsha) CMD (/bin/bash /home/salsha/sisop/no5.sh)
Feb 21 02:14:01 ubuntu CRON[3345]: (salsha) CMD (/bin/bash /home/salsha/sisop/no5.sh)
Feb 21 02:20:01 ubuntu CRON[3364]: (salsha) CMD (/bin/bash /home/salsha/sisop/no5.sh)
Feb 21 02:26:01 ubuntu CRON[3371]: (salsha) CMD (/bin/bash /home/salsha/sisop/no5.sh)
Feb 21 03:02:01 ubuntu CRON[3395]: (salsha) CMD (/bin/bash /home/salsha/sisop/no5.sh)
Feb 21 03:02:57 ubuntu systemd[1]: Started Run anacron jobs.
Feb 21 03:08:01 ubuntu CRON[3402]: (salsha) CMD (/bin/bash /home/salsha/sisop/no5.sh)
Feb 21 03:14:01 ubuntu CRON[3433]: (salsha) CMD (/bin/bash /home/salsha/sisop/no5.sh)
Feb 21 03:20:01 ubuntu CRON[3446]: (salsha) CMD (/bin/bash /home/salsha/sisop/no5.sh)
Feb 21 06:33:58 ubuntu systemd[1]: Started Run anacron jobs.
Feb 21 09:38:15 ubuntu systemd[1]: Started Run anacron jobs.
Feb 21 10:00:00 ubuntu systemd[1]: Started Run anacron jobs.
Feb 21 10:02:01 ubuntu CRON[2054]: (salsha) CMD (/bin/bash /home/salsha/sisop/no5.sh)
Feb 21 10:04:54 ubuntu systemd[1]: Started Run anacron jobs.
Feb 21 10:08:01 ubuntu CRON[2364]: (salsha) CMD (/bin/bash /home/salsha/sisop/no5.sh)
Feb 21 10:14:01 ubuntu CRON[2468]: (salsha) CMD (/bin/bash /home/salsha/sisop/no5.sh)
Feb 21 10:20:01 ubuntu CRON[2696]: (salsha) CMD (/bin/bash /home/salsha/sisop/no5.sh)
Feb 21 10:26:01 ubuntu CRON[2757]: (salsha) CMD (/bin/bash /home/salsha/sisop/no5.sh)
Feb 21 10:44:35 ubuntu crontab[2817]: (salsha) BEGIN EDIT (salsha)
Feb 21 10:53:25 ubuntu crontab[2817]: (salsha) END EDIT (salsha)
Feb 21 11:02:01 ubuntu CRON[2908]: (salsha) CMD (/bin/bash /home/salsha/sisop/no5.sh)
